2025-04-04 10:01:13.354687 - Received CBT.V508.FILE454.PDS from FILE454.XMI 
2025-04-04 10:01:13.376678 - Found $$$#DATE.txt (text/plain) in CBT.V508.FILE454.PDS, moved to PDS/$$$#DATE
2025-04-04 10:01:13.376877 - Found $$$DOC.txt (text/plain) in CBT.V508.FILE454.PDS, moved to PDS/$$$DOC
2025-04-04 10:01:13.377053 - Found $$$PROCS.jcl (text/plain) in CBT.V508.FILE454.PDS, moved to PDS/$$$PROCS
2025-04-04 10:01:13.377199 - Found $AIRD.txt (text/plain) in CBT.V508.FILE454.PDS, moved to PDS/$AIRD
2025-04-04 10:01:13.377336 - Found $CATSC.txt (text/plain) in CBT.V508.FILE454.PDS, moved to PDS/$CATSC
2025-04-04 10:01:13.377461 - Found $CATSO.txt (text/plain) in CBT.V508.FILE454.PDS, moved to PDS/$CATSO
2025-04-04 10:01:13.377577 - Found $CATSR.txt (text/plain) in CBT.V508.FILE454.PDS, moved to PDS/$CATSR
2025-04-04 10:01:13.377702 - Found $CEPA.txt (text/plain) in CBT.V508.FILE454.PDS, moved to PDS/$CEPA
2025-04-04 10:01:13.377826 - Found $CRS.txt (text/plain) in CBT.V508.FILE454.PDS, moved to PDS/$CRS
2025-04-04 10:01:13.377944 - Found $CTLGD.txt (text/plain) in CBT.V508.FILE454.PDS, moved to PDS/$CTLGD
2025-04-04 10:01:13.378059 - Found $DARSCA.txt (text/plain) in CBT.V508.FILE454.PDS, moved to PDS/$DARSCA
2025-04-04 10:01:13.378187 - Found $DASCAN.txt (text/plain) in CBT.V508.FILE454.PDS, moved to PDS/$DASCAN
2025-04-04 10:01:13.378305 - Found $DAUNTY.txt (text/plain) in CBT.V508.FILE454.PDS, moved to PDS/$DAUNTY
2025-04-04 10:01:13.378419 - Found $DAVALL.txt (text/plain) in CBT.V508.FILE454.PDS, moved to PDS/$DAVALL
2025-04-04 10:01:13.378540 - Found $DAVFR.txt (text/plain) in CBT.V508.FILE454.PDS, moved to PDS/$DAVFR
2025-04-04 10:01:13.378674 - Found $DEFREG.txt (text/plain) in CBT.V508.FILE454.PDS, moved to PDS/$DEFREG
2025-04-04 10:01:13.378827 - Found $DEFREG@.txt (text/plain) in CBT.V508.FILE454.PDS, moved to PDS/$DEFREG@
2025-04-04 10:01:13.378957 - Found $DVTYUN.txt (text/plain) in CBT.V508.FILE454.PDS, moved to PDS/$DVTYUN
2025-04-04 10:01:13.379074 - Found $DYNALL.txt (text/plain) in CBT.V508.FILE454.PDS, moved to PDS/$DYNALL
2025-04-04 10:01:13.379192 - Found $DYNCC.txt (text/plain) in CBT.V508.FILE454.PDS, moved to PDS/$DYNCC
2025-04-04 10:01:13.379304 - Found $DYNDC.txt (text/plain) in CBT.V508.FILE454.PDS, moved to PDS/$DYNDC
2025-04-04 10:01:13.379445 - Found $DYNLIST.txt (text/plain) in CBT.V508.FILE454.PDS, moved to PDS/$DYNLIST
2025-04-04 10:01:13.379579 - Found $EACM.txt (text/plain) in CBT.V508.FILE454.PDS, moved to PDS/$EACM
2025-04-04 10:01:13.379694 - Found $EDITH.txt (text/plain) in CBT.V508.FILE454.PDS, moved to PDS/$EDITH
2025-04-04 10:01:13.379812 - Found $FS.txt (text/plain) in CBT.V508.FILE454.PDS, moved to PDS/$FS
2025-04-04 10:01:13.379949 - Found $FS$TV.txt (text/plain) in CBT.V508.FILE454.PDS, moved to PDS/$FS$TV
2025-04-04 10:01:13.380088 - Found $FS@.txt (text/plain) in CBT.V508.FILE454.PDS, moved to PDS/$FS@
2025-04-04 10:01:13.380213 - Found $FSCC.txt (text/plain) in CBT.V508.FILE454.PDS, moved to PDS/$FSCC
2025-04-04 10:01:13.380331 - Found $FSDOT.txt (text/plain) in CBT.V508.FILE454.PDS, moved to PDS/$FSDOT
2025-04-04 10:01:13.380459 - Found $FSRA.txt (text/plain) in CBT.V508.FILE454.PDS, moved to PDS/$FSRA
2025-04-04 10:01:13.380591 - Found $FSSA.txt (text/plain) in CBT.V508.FILE454.PDS, moved to PDS/$FSSA
2025-04-04 10:01:13.380712 - Found $FSSBA.txt (text/plain) in CBT.V508.FILE454.PDS, moved to PDS/$FSSBA
2025-04-04 10:01:13.380834 - Found $FSSET.txt (text/plain) in CBT.V508.FILE454.PDS, moved to PDS/$FSSET
2025-04-04 10:01:13.380958 - Found $FSSF.txt (text/plain) in CBT.V508.FILE454.PDS, moved to PDS/$FSSF
2025-04-04 10:01:13.381091 - Found $FSSFE.txt (text/plain) in CBT.V508.FILE454.PDS, moved to PDS/$FSSFE
2025-04-04 10:01:13.381210 - Found $FSTXT.txt (text/plain) in CBT.V508.FILE454.PDS, moved to PDS/$FSTXT
2025-04-04 10:01:13.381326 - Found $FSWCC.txt (text/plain) in CBT.V508.FILE454.PDS, moved to PDS/$FSWCC
2025-04-04 10:01:13.381436 - Found $GDATE.txt (text/plain) in CBT.V508.FILE454.PDS, moved to PDS/$GDATE
2025-04-04 10:01:13.381546 - Found $GFDATE.txt (text/plain) in CBT.V508.FILE454.PDS, moved to PDS/$GFDATE
2025-04-04 10:01:13.381660 - Found $GGUCL.txt (text/plain) in CBT.V508.FILE454.PDS, moved to PDS/$GGUCL
2025-04-04 10:01:13.381767 - Found $GGUR.txt (text/plain) in CBT.V508.FILE454.PDS, moved to PDS/$GGUR
2025-04-04 10:01:13.381884 - Found $GSDATE.txt (text/plain) in CBT.V508.FILE454.PDS, moved to PDS/$GSDATE
2025-04-04 10:01:13.382001 - Found $GUACL.txt (text/plain) in CBT.V508.FILE454.PDS, moved to PDS/$GUACL
2025-04-04 10:01:13.382115 - Found $GUAR.txt (text/plain) in CBT.V508.FILE454.PDS, moved to PDS/$GUAR
2025-04-04 10:01:13.382240 - Found $HEDIT.txt (text/plain) in CBT.V508.FILE454.PDS, moved to PDS/$HEDIT
2025-04-04 10:01:13.382354 - Found $HEDIT@.txt (text/plain) in CBT.V508.FILE454.PDS, moved to PDS/$HEDIT@
2025-04-04 10:01:13.382465 - Found $ICFCD.txt (text/plain) in CBT.V508.FILE454.PDS, moved to PDS/$ICFCD
2025-04-04 10:01:13.382577 - Found $ICFSC.txt (text/plain) in CBT.V508.FILE454.PDS, moved to PDS/$ICFSC
2025-04-04 10:01:13.382687 - Found $ICFSO.txt (text/plain) in CBT.V508.FILE454.PDS, moved to PDS/$ICFSO
2025-04-04 10:01:13.382803 - Found $ICFSR.txt (text/plain) in CBT.V508.FILE454.PDS, moved to PDS/$ICFSR
2025-04-04 10:01:13.382940 - Found $ICFSW.txt (text/plain) in CBT.V508.FILE454.PDS, moved to PDS/$ICFSW
2025-04-04 10:01:13.383060 - Found $IDENT.txt (text/plain) in CBT.V508.FILE454.PDS, moved to PDS/$IDENT
2025-04-04 10:01:13.383174 - Found $INSORT.txt (text/plain) in CBT.V508.FILE454.PDS, moved to PDS/$INSORT
2025-04-04 10:01:13.383290 - Found $ISPF.txt (text/plain) in CBT.V508.FILE454.PDS, moved to PDS/$ISPF
2025-04-04 10:01:13.383410 - Found $MCLOSE.txt (text/plain) in CBT.V508.FILE454.PDS, moved to PDS/$MCLOSE
2025-04-04 10:01:13.383518 - Found $MDL@IX.txt (text/plain) in CBT.V508.FILE454.PDS, moved to PDS/$MDL@IX
2025-04-04 10:01:13.383626 - Found $MFIND.txt (text/plain) in CBT.V508.FILE454.PDS, moved to PDS/$MFIND
2025-04-04 10:01:13.383737 - Found $MOPEN.txt (text/plain) in CBT.V508.FILE454.PDS, moved to PDS/$MOPEN
2025-04-04 10:01:13.383854 - Found $MREAD.txt (text/plain) in CBT.V508.FILE454.PDS, moved to PDS/$MREAD
2025-04-04 10:01:13.383973 - Found $NOSWAP.txt (text/plain) in CBT.V508.FILE454.PDS, moved to PDS/$NOSWAP
2025-04-04 10:01:13.384103 - Found $OKSWAP.txt (text/plain) in CBT.V508.FILE454.PDS, moved to PDS/$OKSWAP
2025-04-04 10:01:13.384225 - Found $OPCOM.txt (text/plain) in CBT.V508.FILE454.PDS, moved to PDS/$OPCOM
2025-04-04 10:01:13.384336 - Found $PCLOSE.txt (text/plain) in CBT.V508.FILE454.PDS, moved to PDS/$PCLOSE
2025-04-04 10:01:13.384446 - Found $PDCLOSE.txt (text/plain) in CBT.V508.FILE454.PDS, moved to PDS/$PDCLOSE
2025-04-04 10:01:13.384571 - Found $PDOPEN.txt (text/plain) in CBT.V508.FILE454.PDS, moved to PDS/$PDOPEN
2025-04-04 10:01:13.384687 - Found $PDREAD.txt (text/plain) in CBT.V508.FILE454.PDS, moved to PDS/$PDREAD
2025-04-04 10:01:13.384800 - Found $PLCLOSE.txt (text/plain) in CBT.V508.FILE454.PDS, moved to PDS/$PLCLOSE
2025-04-04 10:01:13.384909 - Found $PLOPEN.txt (text/plain) in CBT.V508.FILE454.PDS, moved to PDS/$PLOPEN
2025-04-04 10:01:13.385026 - Found $PLPOINT.txt (text/plain) in CBT.V508.FILE454.PDS, moved to PDS/$PLPOINT
2025-04-04 10:01:13.385138 - Found $PLREAD.txt (text/plain) in CBT.V508.FILE454.PDS, moved to PDS/$PLREAD
2025-04-04 10:01:13.385250 - Found $PRINT.txt (text/plain) in CBT.V508.FILE454.PDS, moved to PDS/$PRINT
2025-04-04 10:01:13.385359 - Found $PUNCH.txt (text/plain) in CBT.V508.FILE454.PDS, moved to PDS/$PUNCH
2025-04-04 10:01:13.385483 - Found $RCLOSE.txt (text/plain) in CBT.V508.FILE454.PDS, moved to PDS/$RCLOSE
2025-04-04 10:01:13.385597 - Found $RDCHK.txt (text/plain) in CBT.V508.FILE454.PDS, moved to PDS/$RDCHK
2025-04-04 10:01:13.385706 - Found $READ.txt (text/plain) in CBT.V508.FILE454.PDS, moved to PDS/$READ
2025-04-04 10:01:13.385814 - Found $SDATE.txt (text/plain) in CBT.V508.FILE454.PDS, moved to PDS/$SDATE
2025-04-04 10:01:13.385924 - Found $SETOPC.txt (text/plain) in CBT.V508.FILE454.PDS, moved to PDS/$SETOPC
2025-04-04 10:01:13.386042 - Found $SIDTB.txt (text/plain) in CBT.V508.FILE454.PDS, moved to PDS/$SIDTB
2025-04-04 10:01:13.386154 - Found $SNAP.txt (text/plain) in CBT.V508.FILE454.PDS, moved to PDS/$SNAP
2025-04-04 10:01:13.386276 - Found $SORT.txt (text/plain) in CBT.V508.FILE454.PDS, moved to PDS/$SORT
2025-04-04 10:01:13.386408 - Found $SORT@.txt (text/plain) in CBT.V508.FILE454.PDS, moved to PDS/$SORT@
2025-04-04 10:01:13.386524 - Found $SRPI.txt (text/plain) in CBT.V508.FILE454.PDS, moved to PDS/$SRPI
2025-04-04 10:01:13.386643 - Found $SSCMD.txt (text/plain) in CBT.V508.FILE454.PDS, moved to PDS/$SSCMD
2025-04-04 10:01:13.386758 - Found $TEW$DS.txt (text/plain) in CBT.V508.FILE454.PDS, moved to PDS/$TEW$DS
2025-04-04 10:01:13.386896 - Found $TEW$EC.txt (text/plain) in CBT.V508.FILE454.PDS, moved to PDS/$TEW$EC
2025-04-04 10:01:13.387010 - Found $TEW$PP.txt (text/plain) in CBT.V508.FILE454.PDS, moved to PDS/$TEW$PP
2025-04-04 10:01:13.387122 - Found $TEW$WA.txt (text/plain) in CBT.V508.FILE454.PDS, moved to PDS/$TEW$WA
2025-04-04 10:01:13.387248 - Found $TEW@.txt (text/plain) in CBT.V508.FILE454.PDS, moved to PDS/$TEW@
2025-04-04 10:01:13.387379 - Found $TREQ.txt (text/plain) in CBT.V508.FILE454.PDS, moved to PDS/$TREQ
2025-04-04 10:01:13.387496 - Found $TSWXA.txt (text/plain) in CBT.V508.FILE454.PDS, moved to PDS/$TSWXA
2025-04-04 10:01:13.387615 - Found $TSWXA@.txt (text/plain) in CBT.V508.FILE454.PDS, moved to PDS/$TSWXA@
2025-04-04 10:01:13.387739 - Found $UCLOSE.txt (text/plain) in CBT.V508.FILE454.PDS, moved to PDS/$UCLOSE
2025-04-04 10:01:13.387853 - Found $UJVT.txt (text/plain) in CBT.V508.FILE454.PDS, moved to PDS/$UJVT
2025-04-04 10:01:13.387964 - Found $VCLOSE.txt (text/plain) in CBT.V508.FILE454.PDS, moved to PDS/$VCLOSE
2025-04-04 10:01:13.388072 - Found $VOPEN.txt (text/plain) in CBT.V508.FILE454.PDS, moved to PDS/$VOPEN
2025-04-04 10:01:13.388181 - Found $VREAD.txt (text/plain) in CBT.V508.FILE454.PDS, moved to PDS/$VREAD
2025-04-04 10:01:13.388296 - Found $VTOCDC.txt (text/plain) in CBT.V508.FILE454.PDS, moved to PDS/$VTOCDC
2025-04-04 10:01:13.388414 - Found $VTOCDO.txt (text/plain) in CBT.V508.FILE454.PDS, moved to PDS/$VTOCDO
2025-04-04 10:01:13.388545 - Found $VTOCDR.txt (text/plain) in CBT.V508.FILE454.PDS, moved to PDS/$VTOCDR
2025-04-04 10:01:13.388662 - Found $VTOCDW.txt (text/plain) in CBT.V508.FILE454.PDS, moved to PDS/$VTOCDW
2025-04-04 10:01:13.388776 - Found $VTOCQC.txt (text/plain) in CBT.V508.FILE454.PDS, moved to PDS/$VTOCQC
2025-04-04 10:01:13.388900 - Found $VTOCQO.txt (text/plain) in CBT.V508.FILE454.PDS, moved to PDS/$VTOCQO
2025-04-04 10:01:13.389011 - Found $VTOCQR.txt (text/plain) in CBT.V508.FILE454.PDS, moved to PDS/$VTOCQR
2025-04-04 10:01:13.389125 - Found $VTOCSC.txt (text/plain) in CBT.V508.FILE454.PDS, moved to PDS/$VTOCSC
2025-04-04 10:01:13.389232 - Found $VTOCSO.txt (text/plain) in CBT.V508.FILE454.PDS, moved to PDS/$VTOCSO
2025-04-04 10:01:13.389344 - Found $VTOCSR.txt (text/plain) in CBT.V508.FILE454.PDS, moved to PDS/$VTOCSR
2025-04-04 10:01:13.389459 - Found $VTTCAM.txt (text/plain) in CBT.V508.FILE454.PDS, moved to PDS/$VTTCAM
2025-04-04 10:01:13.389570 - Found $XENT.txt (text/plain) in CBT.V508.FILE454.PDS, moved to PDS/$XENT
2025-04-04 10:01:13.389699 - Found $XENT@.txt (text/plain) in CBT.V508.FILE454.PDS, moved to PDS/$XENT@
2025-04-04 10:01:13.389819 - Found $XRET.txt (text/plain) in CBT.V508.FILE454.PDS, moved to PDS/$XRET
2025-04-04 10:01:13.389942 - Found $XRET@.txt (text/plain) in CBT.V508.FILE454.PDS, moved to PDS/$XRET@
2025-04-04 10:01:13.390057 - Found $XTC.txt (text/plain) in CBT.V508.FILE454.PDS, moved to PDS/$XTC
2025-04-04 10:01:13.390171 - Found #DOC#.txt (text/plain) in CBT.V508.FILE454.PDS, moved to PDS/#DOC#
2025-04-04 10:01:13.390285 - Found #INFO#.txt (text/plain) in CBT.V508.FILE454.PDS, moved to PDS/#INFO#
2025-04-04 10:01:13.390404 - Found #MANUAL#.txt (text/plain) in CBT.V508.FILE454.PDS, moved to PDS/#MANUAL#
2025-04-04 10:01:13.390670 - Found @FILE454.txt (text/plain) in CBT.V508.FILE454.PDS, moved to PDS/@FILE454
2025-04-04 10:01:13.390795 - Found @FS.txt (text/plain) in CBT.V508.FILE454.PDS, moved to PDS/@FS
2025-04-04 10:01:13.390909 - Found @FSBA.txt (text/plain) in CBT.V508.FILE454.PDS, moved to PDS/@FSBA
2025-04-04 10:01:13.391020 - Found @FSI.txt (text/plain) in CBT.V508.FILE454.PDS, moved to PDS/@FSI
2025-04-04 10:01:13.391133 - Found @FSO.txt (text/plain) in CBT.V508.FILE454.PDS, moved to PDS/@FSO
2025-04-04 10:01:13.391248 - Found @FSQ.txt (text/plain) in CBT.V508.FILE454.PDS, moved to PDS/@FSQ
2025-04-04 10:01:13.391362 - Found @FSR.txt (text/plain) in CBT.V508.FILE454.PDS, moved to PDS/@FSR
2025-04-04 10:01:13.391470 - Found @FSRC.txt (text/plain) in CBT.V508.FILE454.PDS, moved to PDS/@FSRC
2025-04-04 10:01:13.391592 - Found @FST.txt (text/plain) in CBT.V508.FILE454.PDS, moved to PDS/@FST
2025-04-04 10:01:13.391720 - Found ALLOCGD$.jcl (text/plain) in CBT.V508.FILE454.PDS, moved to PDS/ALLOCGD$
2025-04-04 10:01:13.391855 - Found ALLOCGD@.txt (text/plain) in CBT.V508.FILE454.PDS, moved to PDS/ALLOCGD@
2025-04-04 10:01:13.391968 - Found ALLOCGDG.txt (text/plain) in CBT.V508.FILE454.PDS, moved to PDS/ALLOCGDG
2025-04-04 10:01:13.392083 - Found ALLOCGDH.txt (text/plain) in CBT.V508.FILE454.PDS, moved to PDS/ALLOCGDH
2025-04-04 10:01:13.392193 - Found AUTHC.txt (text/plain) in CBT.V508.FILE454.PDS, moved to PDS/AUTHC
2025-04-04 10:01:13.392310 - Found AUTHC$.jcl (text/plain) in CBT.V508.FILE454.PDS, moved to PDS/AUTHC$
2025-04-04 10:01:13.392426 - Found AUTHC@.txt (text/plain) in CBT.V508.FILE454.PDS, moved to PDS/AUTHC@
2025-04-04 10:01:13.392552 - Found AUTHCTL.txt (text/plain) in CBT.V508.FILE454.PDS, moved to PDS/AUTHCTL
2025-04-04 10:01:13.392680 - Found AUTHCTL$.jcl (text/plain) in CBT.V508.FILE454.PDS, moved to PDS/AUTHCTL$
2025-04-04 10:01:13.392804 - Found AUTHCTL@.txt (text/plain) in CBT.V508.FILE454.PDS, moved to PDS/AUTHCTL@
2025-04-04 10:01:13.392921 - Found AUTHSVC.txt (text/plain) in CBT.V508.FILE454.PDS, moved to PDS/AUTHSVC
2025-04-04 10:01:13.393044 - Found AUTHSVC$.jcl (text/plain) in CBT.V508.FILE454.PDS, moved to PDS/AUTHSVC$
2025-04-04 10:01:13.393158 - Found AUTHSVC@.txt (text/plain) in CBT.V508.FILE454.PDS, moved to PDS/AUTHSVC@
2025-04-04 10:01:13.393269 - Found AUTHUGT.txt (text/plain) in CBT.V508.FILE454.PDS, moved to PDS/AUTHUGT
2025-04-04 10:01:13.393379 - Found BIG.txt (text/plain) in CBT.V508.FILE454.PDS, moved to PDS/BIG
2025-04-04 10:01:13.393493 - Found BIG@.txt (text/plain) in CBT.V508.FILE454.PDS, moved to PDS/BIG@
2025-04-04 10:01:13.393604 - Found BIGS.txt (text/plain) in CBT.V508.FILE454.PDS, moved to PDS/BIGS
2025-04-04 10:01:13.393732 - Found BIGS@.txt (text/plain) in CBT.V508.FILE454.PDS, moved to PDS/BIGS@
2025-04-04 10:01:13.393844 - Found BLOCK.txt (text/plain) in CBT.V508.FILE454.PDS, moved to PDS/BLOCK
2025-04-04 10:01:13.393962 - Found BLOCK@.txt (text/plain) in CBT.V508.FILE454.PDS, moved to PDS/BLOCK@
2025-04-04 10:01:13.394074 - Found CATS.txt (text/plain) in CBT.V508.FILE454.PDS, moved to PDS/CATS
2025-04-04 10:01:13.394200 - Found CATS$.jcl (text/plain) in CBT.V508.FILE454.PDS, moved to PDS/CATS$
2025-04-04 10:01:13.394310 - Found CATS@.txt (text/plain) in CBT.V508.FILE454.PDS, moved to PDS/CATS@
2025-04-04 10:01:13.394422 - Found CBOOK000.txt (text/plain) in CBT.V508.FILE454.PDS, moved to PDS/CBOOK000
2025-04-04 10:01:13.394545 - Found CENTER.txt (text/plain) in CBT.V508.FILE454.PDS, moved to PDS/CENTER
2025-04-04 10:01:13.394660 - Found CENTER@.txt (text/plain) in CBT.V508.FILE454.PDS, moved to PDS/CENTER@
2025-04-04 10:01:13.394775 - Found CNVCLIS$.jcl (text/plain) in CBT.V508.FILE454.PDS, moved to PDS/CNVCLIS$
2025-04-04 10:01:13.394908 - Found CNVCLIS@.txt (text/plain) in CBT.V508.FILE454.PDS, moved to PDS/CNVCLIS@
2025-04-04 10:01:13.395018 - Found CNVCLIST.txt (text/plain) in CBT.V508.FILE454.PDS, moved to PDS/CNVCLIST
2025-04-04 10:01:13.395140 - Found COMPRES@.txt (text/plain) in CBT.V508.FILE454.PDS, moved to PDS/COMPRES@
2025-04-04 10:01:13.395254 - Found COMPRESS.txt (text/plain) in CBT.V508.FILE454.PDS, moved to PDS/COMPRESS
2025-04-04 10:01:13.395377 - Found CONCAT.txt (text/plain) in CBT.V508.FILE454.PDS, moved to PDS/CONCAT
2025-04-04 10:01:13.395495 - Found CONCAT$.jcl (text/plain) in CBT.V508.FILE454.PDS, moved to PDS/CONCAT$
2025-04-04 10:01:13.395609 - Found CONCAT@.txt (text/plain) in CBT.V508.FILE454.PDS, moved to PDS/CONCAT@
2025-04-04 10:01:13.395725 - Found CONCATH.txt (text/plain) in CBT.V508.FILE454.PDS, moved to PDS/CONCATH
2025-04-04 10:01:13.395844 - Found CONT.txt (text/plain) in CBT.V508.FILE454.PDS, moved to PDS/CONT
2025-04-04 10:01:13.395961 - Found CONT@.txt (text/plain) in CBT.V508.FILE454.PDS, moved to PDS/CONT@
2025-04-04 10:01:13.396078 - Found CONTROL.txt (text/plain) in CBT.V508.FILE454.PDS, moved to PDS/CONTROL
2025-04-04 10:01:13.396199 - Found CONTROL@.txt (text/plain) in CBT.V508.FILE454.PDS, moved to PDS/CONTROL@
2025-04-04 10:01:13.396331 - Found CP.txt (text/plain) in CBT.V508.FILE454.PDS, moved to PDS/CP
2025-04-04 10:01:13.396452 - Found CP$.jcl (text/plain) in CBT.V508.FILE454.PDS, moved to PDS/CP$
2025-04-04 10:01:13.396564 - Found CP@.txt (text/plain) in CBT.V508.FILE454.PDS, moved to PDS/CP@
2025-04-04 10:01:13.396673 - Found CRY.txt (text/plain) in CBT.V508.FILE454.PDS, moved to PDS/CRY
2025-04-04 10:01:13.396784 - Found CRY$.jcl (text/plain) in CBT.V508.FILE454.PDS, moved to PDS/CRY$
2025-04-04 10:01:13.396918 - Found CRY@.txt (text/plain) in CBT.V508.FILE454.PDS, moved to PDS/CRY@
2025-04-04 10:01:13.397038 - Found CUT.txt (text/plain) in CBT.V508.FILE454.PDS, moved to PDS/CUT
2025-04-04 10:01:13.397151 - Found CUT#.txt (text/plain) in CBT.V508.FILE454.PDS, moved to PDS/CUT#
2025-04-04 10:01:13.397262 - Found CUT@.txt (text/plain) in CBT.V508.FILE454.PDS, moved to PDS/CUT@
2025-04-04 10:01:13.397382 - Found DASCAN.txt (text/plain) in CBT.V508.FILE454.PDS, moved to PDS/DASCAN
2025-04-04 10:01:13.397495 - Found DASCAN$.jcl (text/plain) in CBT.V508.FILE454.PDS, moved to PDS/DASCAN$
2025-04-04 10:01:13.397608 - Found DASCAN@.txt (text/plain) in CBT.V508.FILE454.PDS, moved to PDS/DASCAN@
2025-04-04 10:01:13.397724 - Found DAUNTY.txt (text/plain) in CBT.V508.FILE454.PDS, moved to PDS/DAUNTY
2025-04-04 10:01:13.397837 - Found DAUNTY$.jcl (text/plain) in CBT.V508.FILE454.PDS, moved to PDS/DAUNTY$
2025-04-04 10:01:13.397957 - Found DAUNTY@.txt (text/plain) in CBT.V508.FILE454.PDS, moved to PDS/DAUNTY@
2025-04-04 10:01:13.398080 - Found DAVALL.txt (text/plain) in CBT.V508.FILE454.PDS, moved to PDS/DAVALL
2025-04-04 10:01:13.398208 - Found DAVALL$.jcl (text/plain) in CBT.V508.FILE454.PDS, moved to PDS/DAVALL$
2025-04-04 10:01:13.398328 - Found DAVALL@.txt (text/plain) in CBT.V508.FILE454.PDS, moved to PDS/DAVALL@
2025-04-04 10:01:13.398446 - Found DECONCA$.jcl (text/plain) in CBT.V508.FILE454.PDS, moved to PDS/DECONCA$
2025-04-04 10:01:13.398564 - Found DECONCA@.txt (text/plain) in CBT.V508.FILE454.PDS, moved to PDS/DECONCA@
2025-04-04 10:01:13.398681 - Found DECONCAH.txt (text/plain) in CBT.V508.FILE454.PDS, moved to PDS/DECONCAH
2025-04-04 10:01:13.398788 - Found DECONCAT.txt (text/plain) in CBT.V508.FILE454.PDS, moved to PDS/DECONCAT
2025-04-04 10:01:13.398912 - Found DECRYPT.txt (text/plain) in CBT.V508.FILE454.PDS, moved to PDS/DECRYPT
2025-04-04 10:01:13.399044 - Found DTSO.txt (text/plain) in CBT.V508.FILE454.PDS, moved to PDS/DTSO
2025-04-04 10:01:13.399191 - Found DTSO$.jcl (text/plain) in CBT.V508.FILE454.PDS, moved to PDS/DTSO$
2025-04-04 10:01:13.399309 - Found DTSO@.txt (text/plain) in CBT.V508.FILE454.PDS, moved to PDS/DTSO@
2025-04-04 10:01:13.399425 - Found DTSOH.txt (text/plain) in CBT.V508.FILE454.PDS, moved to PDS/DTSOH
2025-04-04 10:01:13.399537 - Found DTUR.txt (text/plain) in CBT.V508.FILE454.PDS, moved to PDS/DTUR
2025-04-04 10:01:13.399654 - Found DTUR$.jcl (text/plain) in CBT.V508.FILE454.PDS, moved to PDS/DTUR$
2025-04-04 10:01:13.399762 - Found DTUR@.txt (text/plain) in CBT.V508.FILE454.PDS, moved to PDS/DTUR@
2025-04-04 10:01:13.399873 - Found DVTYUN.txt (text/plain) in CBT.V508.FILE454.PDS, moved to PDS/DVTYUN
2025-04-04 10:01:13.399995 - Found DVTYUN$.jcl (text/plain) in CBT.V508.FILE454.PDS, moved to PDS/DVTYUN$
2025-04-04 10:01:13.400116 - Found DVTYUN@.txt (text/plain) in CBT.V508.FILE454.PDS, moved to PDS/DVTYUN@
2025-04-04 10:01:13.400249 - Found DYNALL.txt (text/plain) in CBT.V508.FILE454.PDS, moved to PDS/DYNALL
2025-04-04 10:01:13.400371 - Found DYNALL$.jcl (text/plain) in CBT.V508.FILE454.PDS, moved to PDS/DYNALL$
2025-04-04 10:01:13.400478 - Found DYNALL@.txt (text/plain) in CBT.V508.FILE454.PDS, moved to PDS/DYNALL@
2025-04-04 10:01:13.400588 - Found DYNCC.txt (text/plain) in CBT.V508.FILE454.PDS, moved to PDS/DYNCC
2025-04-04 10:01:13.400704 - Found DYNCC$.jcl (text/plain) in CBT.V508.FILE454.PDS, moved to PDS/DYNCC$
2025-04-04 10:01:13.400813 - Found DYNCC@.txt (text/plain) in CBT.V508.FILE454.PDS, moved to PDS/DYNCC@
2025-04-04 10:01:13.400919 - Found EDITH.txt (text/plain) in CBT.V508.FILE454.PDS, moved to PDS/EDITH
2025-04-04 10:01:13.401036 - Found EDITH$.jcl (text/plain) in CBT.V508.FILE454.PDS, moved to PDS/EDITH$
2025-04-04 10:01:13.401166 - Found EDITH@.txt (text/plain) in CBT.V508.FILE454.PDS, moved to PDS/EDITH@
2025-04-04 10:01:13.401285 - Found EDITMACS.txt (text/plain) in CBT.V508.FILE454.PDS, moved to PDS/EDITMACS
2025-04-04 10:01:13.401415 - Found EDITMACT.bin (application/octet-stream) in CBT.V508.FILE454.PDS, moved to PDS/EDITMACT
2025-04-04 10:01:13.401530 - Found EDMODE.txt (text/plain) in CBT.V508.FILE454.PDS, moved to PDS/EDMODE
2025-04-04 10:01:13.401645 - Found EDMODE@.txt (text/plain) in CBT.V508.FILE454.PDS, moved to PDS/EDMODE@
2025-04-04 10:01:13.401757 - Found EDVIO.txt (text/plain) in CBT.V508.FILE454.PDS, moved to PDS/EDVIO
2025-04-04 10:01:13.401874 - Found ENCRYPT.txt (text/plain) in CBT.V508.FILE454.PDS, moved to PDS/ENCRYPT
2025-04-04 10:01:13.401990 - Found ENDECR@.txt (text/plain) in CBT.V508.FILE454.PDS, moved to PDS/ENDECR@
2025-04-04 10:01:13.402104 - Found EOL.txt (text/plain) in CBT.V508.FILE454.PDS, moved to PDS/EOL
2025-04-04 10:01:13.402242 - Found EOL@.txt (text/plain) in CBT.V508.FILE454.PDS, moved to PDS/EOL@
2025-04-04 10:01:13.402357 - Found ERASE$.jcl (text/plain) in CBT.V508.FILE454.PDS, moved to PDS/ERASE$
2025-04-04 10:01:13.402482 - Found ERASE@.txt (text/plain) in CBT.V508.FILE454.PDS, moved to PDS/ERASE@
2025-04-04 10:01:13.402600 - Found ERASESYM.txt (text/plain) in CBT.V508.FILE454.PDS, moved to PDS/ERASESYM
2025-04-04 10:01:13.402712 - Found EURACFT.txt (text/plain) in CBT.V508.FILE454.PDS, moved to PDS/EURACFT
2025-04-04 10:01:13.402827 - Found EURACFT$.jcl (text/plain) in CBT.V508.FILE454.PDS, moved to PDS/EURACFT$
2025-04-04 10:01:13.402941 - Found EURACFT@.txt (text/plain) in CBT.V508.FILE454.PDS, moved to PDS/EURACFT@
2025-04-04 10:01:13.403057 - Found EURACFTH.txt (text/plain) in CBT.V508.FILE454.PDS, moved to PDS/EURACFTH
2025-04-04 10:01:13.403164 - Found EUSID.txt (text/plain) in CBT.V508.FILE454.PDS, moved to PDS/EUSID
2025-04-04 10:01:13.403290 - Found EUSID$.jcl (text/plain) in CBT.V508.FILE454.PDS, moved to PDS/EUSID$
2025-04-04 10:01:13.403413 - Found EUSID@.txt (text/plain) in CBT.V508.FILE454.PDS, moved to PDS/EUSID@
2025-04-04 10:01:13.403530 - Found EUSIDH.txt (text/plain) in CBT.V508.FILE454.PDS, moved to PDS/EUSIDH
2025-04-04 10:01:13.403641 - Found EUSMF.txt (text/plain) in CBT.V508.FILE454.PDS, moved to PDS/EUSMF
2025-04-04 10:01:13.403757 - Found EUSMF$.jcl (text/plain) in CBT.V508.FILE454.PDS, moved to PDS/EUSMF$
2025-04-04 10:01:13.403873 - Found EUSMF@.txt (text/plain) in CBT.V508.FILE454.PDS, moved to PDS/EUSMF@
2025-04-04 10:01:13.403988 - Found EUSMFH.txt (text/plain) in CBT.V508.FILE454.PDS, moved to PDS/EUSMFH
2025-04-04 10:01:13.404113 - Found EUSUB.txt (text/plain) in CBT.V508.FILE454.PDS, moved to PDS/EUSUB
2025-04-04 10:01:13.404239 - Found EUSUB$.jcl (text/plain) in CBT.V508.FILE454.PDS, moved to PDS/EUSUB$
2025-04-04 10:01:13.404362 - Found EUSUB@.txt (text/plain) in CBT.V508.FILE454.PDS, moved to PDS/EUSUB@
2025-04-04 10:01:13.404496 - Found FC.txt (text/plain) in CBT.V508.FILE454.PDS, moved to PDS/FC
2025-04-04 10:01:13.404638 - Found FC@.txt (text/plain) in CBT.V508.FILE454.PDS, moved to PDS/FC@
2025-04-04 10:01:13.404785 - Found FILEINF$.jcl (text/plain) in CBT.V508.FILE454.PDS, moved to PDS/FILEINF$
2025-04-04 10:01:13.404920 - Found FILEINF@.txt (text/plain) in CBT.V508.FILE454.PDS, moved to PDS/FILEINF@
2025-04-04 10:01:13.405063 - Found FILEINFH.txt (text/plain) in CBT.V508.FILE454.PDS, moved to PDS/FILEINFH
2025-04-04 10:01:13.405218 - Found FILEINFO.txt (text/plain) in CBT.V508.FILE454.PDS, moved to PDS/FILEINFO
2025-04-04 10:01:13.405397 - Found FILSPAC$.jcl (text/plain) in CBT.V508.FILE454.PDS, moved to PDS/FILSPAC$
2025-04-04 10:01:13.405546 - Found FILSPAC@.txt (text/plain) in CBT.V508.FILE454.PDS, moved to PDS/FILSPAC@
2025-04-04 10:01:13.405706 - Found FILSPACE.txt (text/plain) in CBT.V508.FILE454.PDS, moved to PDS/FILSPACE
2025-04-04 10:01:13.405892 - Found FINDMEM.txt (text/plain) in CBT.V508.FILE454.PDS, moved to PDS/FINDMEM
2025-04-04 10:01:13.406117 - Found FINDMEM$.jcl (text/plain) in CBT.V508.FILE454.PDS, moved to PDS/FINDMEM$
2025-04-04 10:01:13.406307 - Found FINDMEM@.txt (text/plain) in CBT.V508.FILE454.PDS, moved to PDS/FINDMEM@
2025-04-04 10:01:13.406480 - Found FIXJCL.txt (text/plain) in CBT.V508.FILE454.PDS, moved to PDS/FIXJCL
2025-04-04 10:01:13.406657 - Found FIXJCL@.txt (text/plain) in CBT.V508.FILE454.PDS, moved to PDS/FIXJCL@
2025-04-04 10:01:13.406818 - Found FLOWJCL.txt (text/plain) in CBT.V508.FILE454.PDS, moved to PDS/FLOWJCL
2025-04-04 10:01:13.406975 - Found FLOWJCL@.txt (text/plain) in CBT.V508.FILE454.PDS, moved to PDS/FLOWJCL@
2025-04-04 10:01:13.407154 - Found FSPACE.txt (text/plain) in CBT.V508.FILE454.PDS, moved to PDS/FSPACE
2025-04-04 10:01:13.407304 - Found FSPACE$.jcl (text/plain) in CBT.V508.FILE454.PDS, moved to PDS/FSPACE$
2025-04-04 10:01:13.407452 - Found FSPACEH.txt (text/plain) in CBT.V508.FILE454.PDS, moved to PDS/FSPACEH
2025-04-04 10:01:13.407603 - Found FSRTN.txt (text/plain) in CBT.V508.FILE454.PDS, moved to PDS/FSRTN
2025-04-04 10:01:13.407752 - Found FSRTN$.jcl (text/plain) in CBT.V508.FILE454.PDS, moved to PDS/FSRTN$
2025-04-04 10:01:13.407898 - Found FSRTN@.txt (text/plain) in CBT.V508.FILE454.PDS, moved to PDS/FSRTN@
2025-04-04 10:01:13.408031 - Found GACTN.txt (text/plain) in CBT.V508.FILE454.PDS, moved to PDS/GACTN
2025-04-04 10:01:13.408170 - Found GACTN$.jcl (text/plain) in CBT.V508.FILE454.PDS, moved to PDS/GACTN$
2025-04-04 10:01:13.408314 - Found GACTN@.txt (text/plain) in CBT.V508.FILE454.PDS, moved to PDS/GACTN@
2025-04-04 10:01:13.408459 - Found GDGALLR.txt (text/plain) in CBT.V508.FILE454.PDS, moved to PDS/GDGALLR
2025-04-04 10:01:13.408599 - Found GDGALLR$.jcl (text/plain) in CBT.V508.FILE454.PDS, moved to PDS/GDGALLR$
2025-04-04 10:01:13.408756 - Found GDGALLR@.txt (text/plain) in CBT.V508.FILE454.PDS, moved to PDS/GDGALLR@
2025-04-04 10:01:13.408913 - Found GDGRESE$.jcl (text/plain) in CBT.V508.FILE454.PDS, moved to PDS/GDGRESE$
2025-04-04 10:01:13.409052 - Found GDGRESE@.txt (text/plain) in CBT.V508.FILE454.PDS, moved to PDS/GDGRESE@
2025-04-04 10:01:13.409190 - Found GDGRESET.txt (text/plain) in CBT.V508.FILE454.PDS, moved to PDS/GDGRESET
2025-04-04 10:01:13.409300 - Found GETPAN.txt (text/plain) in CBT.V508.FILE454.PDS, moved to PDS/GETPAN
2025-04-04 10:01:13.409420 - Found GETPAN@.txt (text/plain) in CBT.V508.FILE454.PDS, moved to PDS/GETPAN@
2025-04-04 10:01:13.409540 - Found GFDATE.txt (text/plain) in CBT.V508.FILE454.PDS, moved to PDS/GFDATE
2025-04-04 10:01:13.409669 - Found GFDATE$.jcl (text/plain) in CBT.V508.FILE454.PDS, moved to PDS/GFDATE$
2025-04-04 10:01:13.409789 - Found GFDATE@.txt (text/plain) in CBT.V508.FILE454.PDS, moved to PDS/GFDATE@
2025-04-04 10:01:13.409908 - Found GGUR.txt (text/plain) in CBT.V508.FILE454.PDS, moved to PDS/GGUR
2025-04-04 10:01:13.410023 - Found GGUR$.jcl (text/plain) in CBT.V508.FILE454.PDS, moved to PDS/GGUR$
2025-04-04 10:01:13.410154 - Found GGUR@.txt (text/plain) in CBT.V508.FILE454.PDS, moved to PDS/GGUR@
2025-04-04 10:01:13.410266 - Found GPARM.txt (text/plain) in CBT.V508.FILE454.PDS, moved to PDS/GPARM
2025-04-04 10:01:13.410384 - Found GPARM$.jcl (text/plain) in CBT.V508.FILE454.PDS, moved to PDS/GPARM$
2025-04-04 10:01:13.410497 - Found GPARM@.txt (text/plain) in CBT.V508.FILE454.PDS, moved to PDS/GPARM@
2025-04-04 10:01:13.410613 - Found GUAR.txt (text/plain) in CBT.V508.FILE454.PDS, moved to PDS/GUAR
2025-04-04 10:01:13.410734 - Found GUAR$.jcl (text/plain) in CBT.V508.FILE454.PDS, moved to PDS/GUAR$
2025-04-04 10:01:13.410857 - Found GUAR@.txt (text/plain) in CBT.V508.FILE454.PDS, moved to PDS/GUAR@
2025-04-04 10:01:13.410974 - Found ICFS.txt (text/plain) in CBT.V508.FILE454.PDS, moved to PDS/ICFS
2025-04-04 10:01:13.411103 - Found ICFS$.jcl (text/plain) in CBT.V508.FILE454.PDS, moved to PDS/ICFS$
2025-04-04 10:01:13.411217 - Found ICFS@.txt (text/plain) in CBT.V508.FILE454.PDS, moved to PDS/ICFS@
2025-04-04 10:01:13.411335 - Found INSORT.txt (text/plain) in CBT.V508.FILE454.PDS, moved to PDS/INSORT
2025-04-04 10:01:13.411447 - Found INSORT$.jcl (text/plain) in CBT.V508.FILE454.PDS, moved to PDS/INSORT$
2025-04-04 10:01:13.411567 - Found INSORT@.txt (text/plain) in CBT.V508.FILE454.PDS, moved to PDS/INSORT@
2025-04-04 10:01:13.411683 - Found INTRDR.txt (text/plain) in CBT.V508.FILE454.PDS, moved to PDS/INTRDR
2025-04-04 10:01:13.411801 - Found INTRDR$.jcl (text/plain) in CBT.V508.FILE454.PDS, moved to PDS/INTRDR$
2025-04-04 10:01:13.411922 - Found INTRDR@.txt (text/plain) in CBT.V508.FILE454.PDS, moved to PDS/INTRDR@
2025-04-04 10:01:13.412043 - Found INTRDRH.txt (text/plain) in CBT.V508.FILE454.PDS, moved to PDS/INTRDRH
2025-04-04 10:01:13.412152 - Found ISPCDSN.txt (text/plain) in CBT.V508.FILE454.PDS, moved to PDS/ISPCDSN
2025-04-04 10:01:13.412274 - Found ISPCDSN$.jcl (text/plain) in CBT.V508.FILE454.PDS, moved to PDS/ISPCDSN$
2025-04-04 10:01:13.412395 - Found ISPCDSN@.txt (text/plain) in CBT.V508.FILE454.PDS, moved to PDS/ISPCDSN@
2025-04-04 10:01:13.412511 - Found IXTOFMT$.jcl (text/plain) in CBT.V508.FILE454.PDS, moved to PDS/IXTOFMT$
2025-04-04 10:01:13.412623 - Found IXTOFMT@.txt (text/plain) in CBT.V508.FILE454.PDS, moved to PDS/IXTOFMT@
2025-04-04 10:01:13.412740 - Found IXTOFMT5.txt (text/plain) in CBT.V508.FILE454.PDS, moved to PDS/IXTOFMT5
2025-04-04 10:01:13.412864 - Found JB.txt (text/plain) in CBT.V508.FILE454.PDS, moved to PDS/JB
2025-04-04 10:01:13.412985 - Found JB$.jcl (text/plain) in CBT.V508.FILE454.PDS, moved to PDS/JB$
2025-04-04 10:01:13.413105 - Found JB@.txt (text/plain) in CBT.V508.FILE454.PDS, moved to PDS/JB@
2025-04-04 10:01:13.413220 - Found JBH.txt (text/plain) in CBT.V508.FILE454.PDS, moved to PDS/JBH
2025-04-04 10:01:13.413342 - Found JOBCARD.txt (text/plain) in CBT.V508.FILE454.PDS, moved to PDS/JOBCARD
2025-04-04 10:01:13.413453 - Found JOBCARD@.txt (text/plain) in CBT.V508.FILE454.PDS, moved to PDS/JOBCARD@
2025-04-04 10:01:13.413567 - Found JOBS.txt (text/plain) in CBT.V508.FILE454.PDS, moved to PDS/JOBS
2025-04-04 10:01:13.413685 - Found JOBS$.jcl (text/plain) in CBT.V508.FILE454.PDS, moved to PDS/JOBS$
2025-04-04 10:01:13.413805 - Found JOBS@.txt (text/plain) in CBT.V508.FILE454.PDS, moved to PDS/JOBS@
2025-04-04 10:01:13.413934 - Found KUMX.txt (text/plain) in CBT.V508.FILE454.PDS, moved to PDS/KUMX
2025-04-04 10:01:13.414062 - Found KUMX$.jcl (text/plain) in CBT.V508.FILE454.PDS, moved to PDS/KUMX$
2025-04-04 10:01:13.414182 - Found LISTAX.txt (text/plain) in CBT.V508.FILE454.PDS, moved to PDS/LISTAX
2025-04-04 10:01:13.414308 - Found LISTAX$.jcl (text/plain) in CBT.V508.FILE454.PDS, moved to PDS/LISTAX$
2025-04-04 10:01:13.414430 - Found LISTAX@.txt (text/plain) in CBT.V508.FILE454.PDS, moved to PDS/LISTAX@
2025-04-04 10:01:13.414555 - Found LISTAXH.txt (text/plain) in CBT.V508.FILE454.PDS, moved to PDS/LISTAXH
2025-04-04 10:01:13.414668 - Found LISTENQ.txt (text/plain) in CBT.V508.FILE454.PDS, moved to PDS/LISTENQ
2025-04-04 10:01:13.414795 - Found LISTENQ$.jcl (text/plain) in CBT.V508.FILE454.PDS, moved to PDS/LISTENQ$
2025-04-04 10:01:13.414919 - Found LISTENQ@.txt (text/plain) in CBT.V508.FILE454.PDS, moved to PDS/LISTENQ@
2025-04-04 10:01:13.415074 - Found LISTENQH.txt (text/plain) in CBT.V508.FILE454.PDS, moved to PDS/LISTENQH
2025-04-04 10:01:13.415204 - Found LISTNO.txt (text/plain) in CBT.V508.FILE454.PDS, moved to PDS/LISTNO
2025-04-04 10:01:13.415347 - Found LISTNO$.jcl (text/plain) in CBT.V508.FILE454.PDS, moved to PDS/LISTNO$
2025-04-04 10:01:13.415465 - Found LISTNO@.txt (text/plain) in CBT.V508.FILE454.PDS, moved to PDS/LISTNO@
2025-04-04 10:01:13.415586 - Found LJUST.txt (text/plain) in CBT.V508.FILE454.PDS, moved to PDS/LJUST
2025-04-04 10:01:13.415710 - Found LJUST@.txt (text/plain) in CBT.V508.FILE454.PDS, moved to PDS/LJUST@
2025-04-04 10:01:13.415837 - Found LOCK.txt (text/plain) in CBT.V508.FILE454.PDS, moved to PDS/LOCK
2025-04-04 10:01:13.415959 - Found LOCK$.jcl (text/plain) in CBT.V508.FILE454.PDS, moved to PDS/LOCK$
2025-04-04 10:01:13.416111 - Found LOCK@.txt (text/plain) in CBT.V508.FILE454.PDS, moved to PDS/LOCK@
2025-04-04 10:01:13.416258 - Found LOCKT.txt (text/plain) in CBT.V508.FILE454.PDS, moved to PDS/LOCKT
2025-04-04 10:01:13.416376 - Found LOGALLO$.jcl (text/plain) in CBT.V508.FILE454.PDS, moved to PDS/LOGALLO$
2025-04-04 10:01:13.416501 - Found LOGALLO@.txt (text/plain) in CBT.V508.FILE454.PDS, moved to PDS/LOGALLO@
2025-04-04 10:01:13.416636 - Found LOGALLOC.txt (text/plain) in CBT.V508.FILE454.PDS, moved to PDS/LOGALLOC
2025-04-04 10:01:13.416758 - Found LOGALLOH.txt (text/plain) in CBT.V508.FILE454.PDS, moved to PDS/LOGALLOH
2025-04-04 10:01:13.416882 - Found MBKS00.txt (text/plain) in CBT.V508.FILE454.PDS, moved to PDS/MBKS00
2025-04-04 10:01:13.416996 - Found MOVECOL@.txt (text/plain) in CBT.V508.FILE454.PDS, moved to PDS/MOVECOL@
2025-04-04 10:01:13.417125 - Found MOVECOLS.txt (text/plain) in CBT.V508.FILE454.PDS, moved to PDS/MOVECOLS
2025-04-04 10:01:13.417253 - Found MREAD.txt (text/plain) in CBT.V508.FILE454.PDS, moved to PDS/MREAD
2025-04-04 10:01:13.417394 - Found MREAD$.jcl (text/plain) in CBT.V508.FILE454.PDS, moved to PDS/MREAD$
2025-04-04 10:01:13.417511 - Found MREAD@.txt (text/plain) in CBT.V508.FILE454.PDS, moved to PDS/MREAD@
2025-04-04 10:01:13.417650 - Found NEW@MENU.txt (text/plain) in CBT.V508.FILE454.PDS, moved to PDS/NEW@MENU
2025-04-04 10:01:13.417770 - Found NEW@PRIM.txt (text/plain) in CBT.V508.FILE454.PDS, moved to PDS/NEW@PRIM
2025-04-04 10:01:13.417898 - Found NULL.txt (text/plain) in CBT.V508.FILE454.PDS, moved to PDS/NULL
2025-04-04 10:01:13.418012 - Found OPCOM.txt (text/plain) in CBT.V508.FILE454.PDS, moved to PDS/OPCOM
2025-04-04 10:01:13.418128 - Found OPCOM$.jcl (text/plain) in CBT.V508.FILE454.PDS, moved to PDS/OPCOM$
2025-04-04 10:01:13.418251 - Found OPCOM@.txt (text/plain) in CBT.V508.FILE454.PDS, moved to PDS/OPCOM@
2025-04-04 10:01:13.418418 - Found PAJ$$ICC.jcl (text/plain) in CBT.V508.FILE454.PDS, moved to PDS/PAJ$$ICC
2025-04-04 10:01:13.418533 - Found PAJ$$ICM.jcl (text/plain) in CBT.V508.FILE454.PDS, moved to PDS/PAJ$$ICM
2025-04-04 10:01:13.418681 - Found PAJ$$ICP.jcl (text/plain) in CBT.V508.FILE454.PDS, moved to PDS/PAJ$$ICP
2025-04-04 10:01:13.418812 - Found PAJ$$ICS.jcl (text/plain) in CBT.V508.FILE454.PDS, moved to PDS/PAJ$$ICS
2025-04-04 10:01:13.418943 - Found PAJ$$ICT.jcl (text/plain) in CBT.V508.FILE454.PDS, moved to PDS/PAJ$$ICT
2025-04-04 10:01:13.419068 - Found PAJ$ALL.jcl (text/plain) in CBT.V508.FILE454.PDS, moved to PDS/PAJ$ALL
2025-04-04 10:01:13.419197 - Found PAJ$BLK1.jcl (text/plain) in CBT.V508.FILE454.PDS, moved to PDS/PAJ$BLK1
2025-04-04 10:01:13.419310 - Found PAJ$BLK2.jcl (text/plain) in CBT.V508.FILE454.PDS, moved to PDS/PAJ$BLK2
2025-04-04 10:01:13.419433 - Found PAJ$BUMU.jcl (text/plain) in CBT.V508.FILE454.PDS, moved to PDS/PAJ$BUMU
2025-04-04 10:01:13.419570 - Found PAJ$MX.jcl (text/plain) in CBT.V508.FILE454.PDS, moved to PDS/PAJ$MX
2025-04-04 10:01:13.419698 - Found PAJ$POF.jcl (text/plain) in CBT.V508.FILE454.PDS, moved to PDS/PAJ$POF
2025-04-04 10:01:13.419833 - Found PAJ$VQ.jcl (text/plain) in CBT.V508.FILE454.PDS, moved to PDS/PAJ$VQ
2025-04-04 10:01:13.419960 - Found PAJALL.txt (text/plain) in CBT.V508.FILE454.PDS, moved to PDS/PAJALL
2025-04-04 10:01:13.420090 - Found PAJAUCP.txt (text/plain) in CBT.V508.FILE454.PDS, moved to PDS/PAJAUCP
2025-04-04 10:01:13.420231 - Found PAJA00.txt (text/plain) in CBT.V508.FILE454.PDS, moved to PDS/PAJA00
2025-04-04 10:01:13.420347 - Found PAJBLK.txt (text/plain) in CBT.V508.FILE454.PDS, moved to PDS/PAJBLK
2025-04-04 10:01:13.420476 - Found PAJB00.txt (text/plain) in CBT.V508.FILE454.PDS, moved to PDS/PAJB00
2025-04-04 10:01:13.420612 - Found PAJCAUCP.txt (text/plain) in CBT.V508.FILE454.PDS, moved to PDS/PAJCAUCP
2025-04-04 10:01:13.420741 - Found PAJCAUTO.txt (text/plain) in CBT.V508.FILE454.PDS, moved to PDS/PAJCAUTO
2025-04-04 10:01:13.420860 - Found PAJCBLK.txt (text/plain) in CBT.V508.FILE454.PDS, moved to PDS/PAJCBLK
2025-04-04 10:01:13.421006 - Found PAJCBRDS.txt (text/plain) in CBT.V508.FILE454.PDS, moved to PDS/PAJCBRDS
2025-04-04 10:01:13.421129 - Found PAJCBUMU.txt (text/plain) in CBT.V508.FILE454.PDS, moved to PDS/PAJCBUMU
2025-04-04 10:01:13.421253 - Found PAJCCOM.txt (text/plain) in CBT.V508.FILE454.PDS, moved to PDS/PAJCCOM
2025-04-04 10:01:13.421370 - Found PAJCDAY.txt (text/plain) in CBT.V508.FILE454.PDS, moved to PDS/PAJCDAY
2025-04-04 10:01:13.421482 - Found PAJCDAY1.txt (text/plain) in CBT.V508.FILE454.PDS, moved to PDS/PAJCDAY1
2025-04-04 10:01:13.421601 - Found PAJCDAY2.txt (text/plain) in CBT.V508.FILE454.PDS, moved to PDS/PAJCDAY2
2025-04-04 10:01:13.421727 - Found PAJCDAY3.txt (text/plain) in CBT.V508.FILE454.PDS, moved to PDS/PAJCDAY3
2025-04-04 10:01:13.421866 - Found PAJCDAY4.txt (text/plain) in CBT.V508.FILE454.PDS, moved to PDS/PAJCDAY4
2025-04-04 10:01:13.422007 - Found PAJCDSC.txt (text/plain) in CBT.V508.FILE454.PDS, moved to PDS/PAJCDSC
2025-04-04 10:01:13.422125 - Found PAJCDSP.txt (text/plain) in CBT.V508.FILE454.PDS, moved to PDS/PAJCDSP
2025-04-04 10:01:13.422249 - Found PAJCDSS.txt (text/plain) in CBT.V508.FILE454.PDS, moved to PDS/PAJCDSS
2025-04-04 10:01:13.422383 - Found PAJCEQD1.txt (text/plain) in CBT.V508.FILE454.PDS, moved to PDS/PAJCEQD1
2025-04-04 10:01:13.422511 - Found PAJCEQD2.txt (text/plain) in CBT.V508.FILE454.PDS, moved to PDS/PAJCEQD2
2025-04-04 10:01:13.422631 - Found PAJCEQD3.txt (text/plain) in CBT.V508.FILE454.PDS, moved to PDS/PAJCEQD3
2025-04-04 10:01:13.422758 - Found PAJCEQD4.txt (text/plain) in CBT.V508.FILE454.PDS, moved to PDS/PAJCEQD4
2025-04-04 10:01:13.422891 - Found PAJCEQD5.txt (text/plain) in CBT.V508.FILE454.PDS, moved to PDS/PAJCEQD5
2025-04-04 10:01:13.423011 - Found PAJCGDG.txt (text/plain) in CBT.V508.FILE454.PDS, moved to PDS/PAJCGDG
2025-04-04 10:01:13.423152 - Found PAJCIVKA.txt (text/plain) in CBT.V508.FILE454.PDS, moved to PDS/PAJCIVKA
2025-04-04 10:01:13.423267 - Found PAJCIVKB.txt (text/plain) in CBT.V508.FILE454.PDS, moved to PDS/PAJCIVKB
2025-04-04 10:01:13.423384 - Found PAJCIVK1.txt (text/plain) in CBT.V508.FILE454.PDS, moved to PDS/PAJCIVK1
2025-04-04 10:01:13.423507 - Found PAJCIVK2.txt (text/plain) in CBT.V508.FILE454.PDS, moved to PDS/PAJCIVK2
2025-04-04 10:01:13.423633 - Found PAJCIVK3.txt (text/plain) in CBT.V508.FILE454.PDS, moved to PDS/PAJCIVK3
2025-04-04 10:01:13.423748 - Found PAJCIVK4.txt (text/plain) in CBT.V508.FILE454.PDS, moved to PDS/PAJCIVK4
2025-04-04 10:01:13.423892 - Found PAJCIVK5.txt (text/plain) in CBT.V508.FILE454.PDS, moved to PDS/PAJCIVK5
2025-04-04 10:01:13.424034 - Found PAJCIVK6.txt (text/plain) in CBT.V508.FILE454.PDS, moved to PDS/PAJCIVK6
2025-04-04 10:01:13.424158 - Found PAJCKUMX.txt (text/plain) in CBT.V508.FILE454.PDS, moved to PDS/PAJCKUMX
2025-04-04 10:01:13.424309 - Found PAJCLIFE.txt (text/plain) in CBT.V508.FILE454.PDS, moved to PDS/PAJCLIFE
2025-04-04 10:01:13.424423 - Found PAJCMX.txt (text/plain) in CBT.V508.FILE454.PDS, moved to PDS/PAJCMX
2025-04-04 10:01:13.424543 - Found PAJCMXD.txt (text/plain) in CBT.V508.FILE454.PDS, moved to PDS/PAJCMXD
2025-04-04 10:01:13.424671 - Found PAJCMXN.txt (text/plain) in CBT.V508.FILE454.PDS, moved to PDS/PAJCMXN
2025-04-04 10:01:13.424804 - Found PAJCOM.txt (text/plain) in CBT.V508.FILE454.PDS, moved to PDS/PAJCOM
2025-04-04 10:01:13.424947 - Found PAJCPDS.txt (text/plain) in CBT.V508.FILE454.PDS, moved to PDS/PAJCPDS
2025-04-04 10:01:13.425077 - Found PAJCRY.txt (text/plain) in CBT.V508.FILE454.PDS, moved to PDS/PAJCRY
2025-04-04 10:01:13.425224 - Found PAJCSEND.txt (text/plain) in CBT.V508.FILE454.PDS, moved to PDS/PAJCSEND
2025-04-04 10:01:13.425349 - Found PAJCSHWM.txt (text/plain) in CBT.V508.FILE454.PDS, moved to PDS/PAJCSHWM
2025-04-04 10:01:13.425487 - Found PAJCSLB.txt (text/plain) in CBT.V508.FILE454.PDS, moved to PDS/PAJCSLB
2025-04-04 10:01:13.425594 - Found PAJCSM.txt (text/plain) in CBT.V508.FILE454.PDS, moved to PDS/PAJCSM
2025-04-04 10:01:13.425723 - Found PAJCSSF.txt (text/plain) in CBT.V508.FILE454.PDS, moved to PDS/PAJCSSF
2025-04-04 10:01:13.425838 - Found PAJCTOCP.txt (text/plain) in CBT.V508.FILE454.PDS, moved to PDS/PAJCTOCP
2025-04-04 10:01:13.425966 - Found PAJCVEP.txt (text/plain) in CBT.V508.FILE454.PDS, moved to PDS/PAJCVEP
2025-04-04 10:01:13.426091 - Found PAJCXIL.txt (text/plain) in CBT.V508.FILE454.PDS, moved to PDS/PAJCXIL
2025-04-04 10:01:13.426231 - Found PAJCZAP.txt (text/plain) in CBT.V508.FILE454.PDS, moved to PDS/PAJCZAP
2025-04-04 10:01:13.426356 - Found PAJC3270.txt (text/plain) in CBT.V508.FILE454.PDS, moved to PDS/PAJC3270
2025-04-04 10:01:13.426489 - Found PAJDAY.txt (text/plain) in CBT.V508.FILE454.PDS, moved to PDS/PAJDAY
2025-04-04 10:01:13.426612 - Found PAJDAYS.txt (text/plain) in CBT.V508.FILE454.PDS, moved to PDS/PAJDAYS
2025-04-04 10:01:13.426727 - Found PAJDAYS1.txt (text/plain) in CBT.V508.FILE454.PDS, moved to PDS/PAJDAYS1
2025-04-04 10:01:13.426851 - Found PAJDAYS2.txt (text/plain) in CBT.V508.FILE454.PDS, moved to PDS/PAJDAYS2
2025-04-04 10:01:13.426967 - Found PAJDAYS3.txt (text/plain) in CBT.V508.FILE454.PDS, moved to PDS/PAJDAYS3
2025-04-04 10:01:13.427109 - Found PAJDAYS4.txt (text/plain) in CBT.V508.FILE454.PDS, moved to PDS/PAJDAYS4
2025-04-04 10:01:13.427236 - Found PAJDSC.txt (text/plain) in CBT.V508.FILE454.PDS, moved to PDS/PAJDSC
2025-04-04 10:01:13.427370 - Found PAJDSP.txt (text/plain) in CBT.V508.FILE454.PDS, moved to PDS/PAJDSP
2025-04-04 10:01:13.427510 - Found PAJDSPL.txt (text/plain) in CBT.V508.FILE454.PDS, moved to PDS/PAJDSPL
2025-04-04 10:01:13.427630 - Found PAJDSS.txt (text/plain) in CBT.V508.FILE454.PDS, moved to PDS/PAJDSS
2025-04-04 10:01:13.427751 - Found PAJD00.txt (text/plain) in CBT.V508.FILE454.PDS, moved to PDS/PAJD00
2025-04-04 10:01:13.427872 - Found PAJEM.txt (text/plain) in CBT.V508.FILE454.PDS, moved to PDS/PAJEM
2025-04-04 10:01:13.427994 - Found PAJEMA.txt (text/plain) in CBT.V508.FILE454.PDS, moved to PDS/PAJEMA
2025-04-04 10:01:13.428137 - Found PAJEML.txt (text/plain) in CBT.V508.FILE454.PDS, moved to PDS/PAJEML
2025-04-04 10:01:13.428277 - Found PAJEMP.txt (text/plain) in CBT.V508.FILE454.PDS, moved to PDS/PAJEMP
2025-04-04 10:01:13.428405 - Found PAJEMU.txt (text/plain) in CBT.V508.FILE454.PDS, moved to PDS/PAJEMU
2025-04-04 10:01:13.428545 - Found PAJEOL.txt (text/plain) in CBT.V508.FILE454.PDS, moved to PDS/PAJEOL
2025-04-04 10:01:13.428667 - Found PAJEQD.txt (text/plain) in CBT.V508.FILE454.PDS, moved to PDS/PAJEQD
2025-04-04 10:01:13.428801 - Found PAJGDDM.txt (text/plain) in CBT.V508.FILE454.PDS, moved to PDS/PAJGDDM
2025-04-04 10:01:13.428924 - Found PAJGDG.txt (text/plain) in CBT.V508.FILE454.PDS, moved to PDS/PAJGDG
2025-04-04 10:01:13.429061 - Found PAJGDGM.txt (text/plain) in CBT.V508.FILE454.PDS, moved to PDS/PAJGDGM
2025-04-04 10:01:13.429177 - Found PAJG00.txt (text/plain) in CBT.V508.FILE454.PDS, moved to PDS/PAJG00
2025-04-04 10:01:13.429320 - Found PAJIAP.txt (text/plain) in CBT.V508.FILE454.PDS, moved to PDS/PAJIAP
2025-04-04 10:01:13.429468 - Found PAJIVK.txt (text/plain) in CBT.V508.FILE454.PDS, moved to PDS/PAJIVK
2025-04-04 10:01:13.429623 - Found PAJIVK1.txt (text/plain) in CBT.V508.FILE454.PDS, moved to PDS/PAJIVK1
2025-04-04 10:01:13.429753 - Found PAJI00.txt (text/plain) in CBT.V508.FILE454.PDS, moved to PDS/PAJI00
2025-04-04 10:01:13.429890 - Found PAJKUMXH.txt (text/plain) in CBT.V508.FILE454.PDS, moved to PDS/PAJKUMXH
2025-04-04 10:01:13.430017 - Found PAJLIFE.txt (text/plain) in CBT.V508.FILE454.PDS, moved to PDS/PAJLIFE
2025-04-04 10:01:13.430129 - Found PAJMENU.txt (text/plain) in CBT.V508.FILE454.PDS, moved to PDS/PAJMENU
2025-04-04 10:01:13.430251 - Found PAJMOF.txt (text/plain) in CBT.V508.FILE454.PDS, moved to PDS/PAJMOF
2025-04-04 10:01:13.430374 - Found PAJMX0.txt (text/plain) in CBT.V508.FILE454.PDS, moved to PDS/PAJMX0
2025-04-04 10:01:13.430523 - Found PAJMX1.txt (text/plain) in CBT.V508.FILE454.PDS, moved to PDS/PAJMX1
2025-04-04 10:01:13.430643 - Found PAJMX2.txt (text/plain) in CBT.V508.FILE454.PDS, moved to PDS/PAJMX2
2025-04-04 10:01:13.430763 - Found PAJMX3.txt (text/plain) in CBT.V508.FILE454.PDS, moved to PDS/PAJMX3
2025-04-04 10:01:13.430906 - Found PAJMX4.txt (text/plain) in CBT.V508.FILE454.PDS, moved to PDS/PAJMX4
2025-04-04 10:01:13.431026 - Found PAJMX5.txt (text/plain) in CBT.V508.FILE454.PDS, moved to PDS/PAJMX5
2025-04-04 10:01:13.431140 - Found PAJM99.txt (text/plain) in CBT.V508.FILE454.PDS, moved to PDS/PAJM99
2025-04-04 10:01:13.431258 - Found PAJPALL.txt (text/plain) in CBT.V508.FILE454.PDS, moved to PDS/PAJPALL
2025-04-04 10:01:13.431392 - Found PAJPARD.txt (text/plain) in CBT.V508.FILE454.PDS, moved to PDS/PAJPARD
2025-04-04 10:01:13.431522 - Found PAJPARI.txt (text/plain) in CBT.V508.FILE454.PDS, moved to PDS/PAJPARI
2025-04-04 10:01:13.431668 - Found PAJPBLK1.txt (text/plain) in CBT.V508.FILE454.PDS, moved to PDS/PAJPBLK1
2025-04-04 10:01:13.431788 - Found PAJPBLK2.txt (text/plain) in CBT.V508.FILE454.PDS, moved to PDS/PAJPBLK2
2025-04-04 10:01:13.431903 - Found PAJPBUMU.txt (text/plain) in CBT.V508.FILE454.PDS, moved to PDS/PAJPBUMU
2025-04-04 10:01:13.432025 - Found PAJPDS.txt (text/plain) in CBT.V508.FILE454.PDS, moved to PDS/PAJPDS
2025-04-04 10:01:13.432151 - Found PAJPED.txt (text/plain) in CBT.V508.FILE454.PDS, moved to PDS/PAJPED
2025-04-04 10:01:13.432268 - Found PAJPLUG.txt (text/plain) in CBT.V508.FILE454.PDS, moved to PDS/PAJPLUG
2025-04-04 10:01:13.432380 - Found PAJPMX.txt (text/plain) in CBT.V508.FILE454.PDS, moved to PDS/PAJPMX
2025-04-04 10:01:13.432512 - Found PAJPOF.txt (text/plain) in CBT.V508.FILE454.PDS, moved to PDS/PAJPOF
2025-04-04 10:01:13.432659 - Found PAJPPOF.txt (text/plain) in CBT.V508.FILE454.PDS, moved to PDS/PAJPPOF
2025-04-04 10:01:13.432779 - Found PAJPVQ.txt (text/plain) in CBT.V508.FILE454.PDS, moved to PDS/PAJPVQ
2025-04-04 10:01:13.432921 - Found PAJSBUMU.jcl (text/plain) in CBT.V508.FILE454.PDS, moved to PDS/PAJSBUMU
2025-04-04 10:01:13.433041 - Found PAJSDSP.txt (text/plain) in CBT.V508.FILE454.PDS, moved to PDS/PAJSDSP
2025-04-04 10:01:13.433166 - Found PAJSEND.txt (text/plain) in CBT.V508.FILE454.PDS, moved to PDS/PAJSEND
2025-04-04 10:01:13.433292 - Found PAJSHWM.txt (text/plain) in CBT.V508.FILE454.PDS, moved to PDS/PAJSHWM
2025-04-04 10:01:13.433415 - Found PAJSIVKA.jcl (text/plain) in CBT.V508.FILE454.PDS, moved to PDS/PAJSIVKA
2025-04-04 10:01:13.433545 - Found PAJSIVKB.jcl (text/plain) in CBT.V508.FILE454.PDS, moved to PDS/PAJSIVKB
2025-04-04 10:01:13.433706 - Found PAJSLB.txt (text/plain) in CBT.V508.FILE454.PDS, moved to PDS/PAJSLB
2025-04-04 10:01:13.433826 - Found PAJSM.txt (text/plain) in CBT.V508.FILE454.PDS, moved to PDS/PAJSM
2025-04-04 10:01:13.433956 - Found PAJSMX1.txt (text/plain) in CBT.V508.FILE454.PDS, moved to PDS/PAJSMX1
2025-04-04 10:01:13.434088 - Found PAJSMX2.txt (text/plain) in CBT.V508.FILE454.PDS, moved to PDS/PAJSMX2
2025-04-04 10:01:13.434204 - Found PAJSM1.txt (text/plain) in CBT.V508.FILE454.PDS, moved to PDS/PAJSM1
2025-04-04 10:01:13.434323 - Found PAJSM2.txt (text/plain) in CBT.V508.FILE454.PDS, moved to PDS/PAJSM2
2025-04-04 10:01:13.434439 - Found PAJSNK.txt (text/plain) in CBT.V508.FILE454.PDS, moved to PDS/PAJSNK
2025-04-04 10:01:13.434552 - Found PAJSPDS.jcl (text/plain) in CBT.V508.FILE454.PDS, moved to PDS/PAJSPDS
2025-04-04 10:01:13.434675 - Found PAJSSF.txt (text/plain) in CBT.V508.FILE454.PDS, moved to PDS/PAJSSF
2025-04-04 10:01:13.434817 - Found PAJSSHWM.jcl (text/plain) in CBT.V508.FILE454.PDS, moved to PDS/PAJSSHWM
2025-04-04 10:01:13.434976 - Found PAJSSSF.txt (text/plain) in CBT.V508.FILE454.PDS, moved to PDS/PAJSSSF
2025-04-04 10:01:13.435144 - Found PAJSUM.txt (text/plain) in CBT.V508.FILE454.PDS, moved to PDS/PAJSUM
2025-04-04 10:01:13.435291 - Found PAJSUMX.txt (text/plain) in CBT.V508.FILE454.PDS, moved to PDS/PAJSUMX
2025-04-04 10:01:13.435472 - Found PAJSUMY.txt (text/plain) in CBT.V508.FILE454.PDS, moved to PDS/PAJSUMY
2025-04-04 10:01:13.435628 - Found PAJSUMZ.txt (text/plain) in CBT.V508.FILE454.PDS, moved to PDS/PAJSUMZ
2025-04-04 10:01:13.435803 - Found PAJSVEP1.txt (text/plain) in CBT.V508.FILE454.PDS, moved to PDS/PAJSVEP1
2025-04-04 10:01:13.435971 - Found PAJSVEP2.txt (text/plain) in CBT.V508.FILE454.PDS, moved to PDS/PAJSVEP2
2025-04-04 10:01:13.436119 - Found PAJSVEP3.txt (text/plain) in CBT.V508.FILE454.PDS, moved to PDS/PAJSVEP3
2025-04-04 10:01:13.436275 - Found PAJS00.txt (text/plain) in CBT.V508.FILE454.PDS, moved to PDS/PAJS00
2025-04-04 10:01:13.436417 - Found PAJTALL.txt (text/plain) in CBT.V508.FILE454.PDS, moved to PDS/PAJTALL
2025-04-04 10:01:13.436574 - Found PAJTAUCP.txt (text/plain) in CBT.V508.FILE454.PDS, moved to PDS/PAJTAUCP
2025-04-04 10:01:13.436727 - Found PAJTBIG.txt (text/plain) in CBT.V508.FILE454.PDS, moved to PDS/PAJTBIG
2025-04-04 10:01:13.436881 - Found PAJTBIGS.txt (text/plain) in CBT.V508.FILE454.PDS, moved to PDS/PAJTBIGS
2025-04-04 10:01:13.437031 - Found PAJTBLK.txt (text/plain) in CBT.V508.FILE454.PDS, moved to PDS/PAJTBLK
2025-04-04 10:01:13.437193 - Found PAJTB000.txt (text/plain) in CBT.V508.FILE454.PDS, moved to PDS/PAJTB000
2025-04-04 10:01:13.437360 - Found PAJTB001.txt (text/plain) in CBT.V508.FILE454.PDS, moved to PDS/PAJTB001
2025-04-04 10:01:13.437509 - Found PAJTB002.txt (text/plain) in CBT.V508.FILE454.PDS, moved to PDS/PAJTB002
2025-04-04 10:01:13.437692 - Found PAJTB003.txt (text/plain) in CBT.V508.FILE454.PDS, moved to PDS/PAJTB003
2025-04-04 10:01:13.437852 - Found PAJTB010.txt (text/plain) in CBT.V508.FILE454.PDS, moved to PDS/PAJTB010
2025-04-04 10:01:13.438008 - Found PAJTB011.txt (text/plain) in CBT.V508.FILE454.PDS, moved to PDS/PAJTB011
2025-04-04 10:01:13.438154 - Found PAJTB012.txt (text/plain) in CBT.V508.FILE454.PDS, moved to PDS/PAJTB012
2025-04-04 10:01:13.438317 - Found PAJTB013.txt (text/plain) in CBT.V508.FILE454.PDS, moved to PDS/PAJTB013
2025-04-04 10:01:13.438489 - Found PAJTB020.txt (text/plain) in CBT.V508.FILE454.PDS, moved to PDS/PAJTB020
2025-04-04 10:01:13.438662 - Found PAJTB021.txt (text/plain) in CBT.V508.FILE454.PDS, moved to PDS/PAJTB021
2025-04-04 10:01:13.438816 - Found PAJTB022.txt (text/plain) in CBT.V508.FILE454.PDS, moved to PDS/PAJTB022
2025-04-04 10:01:13.438974 - Found PAJTB030.txt (text/plain) in CBT.V508.FILE454.PDS, moved to PDS/PAJTB030
2025-04-04 10:01:13.439111 - Found PAJTB031.txt (text/plain) in CBT.V508.FILE454.PDS, moved to PDS/PAJTB031
2025-04-04 10:01:13.439260 - Found PAJTB032.txt (text/plain) in CBT.V508.FILE454.PDS, moved to PDS/PAJTB032
2025-04-04 10:01:13.439407 - Found PAJTCNTR.txt (text/plain) in CBT.V508.FILE454.PDS, moved to PDS/PAJTCNTR
2025-04-04 10:01:13.439548 - Found PAJTCOM.txt (text/plain) in CBT.V508.FILE454.PDS, moved to PDS/PAJTCOM
2025-04-04 10:01:13.439684 - Found PAJTCOMP.txt (text/plain) in CBT.V508.FILE454.PDS, moved to PDS/PAJTCOMP
2025-04-04 10:01:13.439826 - Found PAJTCONT.txt (text/plain) in CBT.V508.FILE454.PDS, moved to PDS/PAJTCONT
2025-04-04 10:01:13.439963 - Found PAJTCRY.txt (text/plain) in CBT.V508.FILE454.PDS, moved to PDS/PAJTCRY
2025-04-04 10:01:13.440096 - Found PAJTCRY1.txt (text/plain) in CBT.V508.FILE454.PDS, moved to PDS/PAJTCRY1
2025-04-04 10:01:13.440215 - Found PAJTCTRL.txt (text/plain) in CBT.V508.FILE454.PDS, moved to PDS/PAJTCTRL
2025-04-04 10:01:13.440340 - Found PAJTCUT.txt (text/plain) in CBT.V508.FILE454.PDS, moved to PDS/PAJTCUT
2025-04-04 10:01:13.440476 - Found PAJTCUT1.txt (text/plain) in CBT.V508.FILE454.PDS, moved to PDS/PAJTCUT1
2025-04-04 10:01:13.440594 - Found PAJTCUT2.txt (text/plain) in CBT.V508.FILE454.PDS, moved to PDS/PAJTCUT2
2025-04-04 10:01:13.440739 - Found PAJTCUT3.txt (text/plain) in CBT.V508.FILE454.PDS, moved to PDS/PAJTCUT3
2025-04-04 10:01:13.440858 - Found PAJTCUT4.txt (text/plain) in CBT.V508.FILE454.PDS, moved to PDS/PAJTCUT4
2025-04-04 10:01:13.440974 - Found PAJTCUT5.txt (text/plain) in CBT.V508.FILE454.PDS, moved to PDS/PAJTCUT5
2025-04-04 10:01:13.441085 - Found PAJTDAY.txt (text/plain) in CBT.V508.FILE454.PDS, moved to PDS/PAJTDAY
2025-04-04 10:01:13.441195 - Found PAJTDAYH.txt (text/plain) in CBT.V508.FILE454.PDS, moved to PDS/PAJTDAYH
2025-04-04 10:01:13.441310 - Found PAJTDAYS.txt (text/plain) in CBT.V508.FILE454.PDS, moved to PDS/PAJTDAYS
2025-04-04 10:01:13.441421 - Found PAJTDSC.txt (text/plain) in CBT.V508.FILE454.PDS, moved to PDS/PAJTDSC
2025-04-04 10:01:13.441548 - Found PAJTDSP.txt (text/plain) in CBT.V508.FILE454.PDS, moved to PDS/PAJTDSP
2025-04-04 10:01:13.441677 - Found PAJTDSPL.txt (text/plain) in CBT.V508.FILE454.PDS, moved to PDS/PAJTDSPL
2025-04-04 10:01:13.441799 - Found PAJTDSS.txt (text/plain) in CBT.V508.FILE454.PDS, moved to PDS/PAJTDSS
2025-04-04 10:01:13.441913 - Found PAJTEDCR.txt (text/plain) in CBT.V508.FILE454.PDS, moved to PDS/PAJTEDCR
2025-04-04 10:01:13.442222 - Found PAJTEM.txt (text/plain) in CBT.V508.FILE454.PDS, moved to PDS/PAJTEM
2025-04-04 10:01:13.442362 - Found PAJTEMU.txt (text/plain) in CBT.V508.FILE454.PDS, moved to PDS/PAJTEMU
2025-04-04 10:01:13.442484 - Found PAJTEM1.txt (text/plain) in CBT.V508.FILE454.PDS, moved to PDS/PAJTEM1
2025-04-04 10:01:13.442614 - Found PAJTEM10.txt (text/plain) in CBT.V508.FILE454.PDS, moved to PDS/PAJTEM10
2025-04-04 10:01:13.442732 - Found PAJTEM11.txt (text/plain) in CBT.V508.FILE454.PDS, moved to PDS/PAJTEM11
2025-04-04 10:01:13.442856 - Found PAJTEM2.txt (text/plain) in CBT.V508.FILE454.PDS, moved to PDS/PAJTEM2
2025-04-04 10:01:13.442986 - Found PAJTEM3.txt (text/plain) in CBT.V508.FILE454.PDS, moved to PDS/PAJTEM3
2025-04-04 10:01:13.443107 - Found PAJTEM4.txt (text/plain) in CBT.V508.FILE454.PDS, moved to PDS/PAJTEM4
2025-04-04 10:01:13.443224 - Found PAJTEM5.txt (text/plain) in CBT.V508.FILE454.PDS, moved to PDS/PAJTEM5
2025-04-04 10:01:13.443340 - Found PAJTEM6.txt (text/plain) in CBT.V508.FILE454.PDS, moved to PDS/PAJTEM6
2025-04-04 10:01:13.443460 - Found PAJTEM7.txt (text/plain) in CBT.V508.FILE454.PDS, moved to PDS/PAJTEM7
2025-04-04 10:01:13.443579 - Found PAJTEM8.txt (text/plain) in CBT.V508.FILE454.PDS, moved to PDS/PAJTEM8
2025-04-04 10:01:13.443707 - Found PAJTEM9.txt (text/plain) in CBT.V508.FILE454.PDS, moved to PDS/PAJTEM9
2025-04-04 10:01:13.443840 - Found PAJTEQD.txt (text/plain) in CBT.V508.FILE454.PDS, moved to PDS/PAJTEQD
2025-04-04 10:01:13.443958 - Found PAJTFC.txt (text/plain) in CBT.V508.FILE454.PDS, moved to PDS/PAJTFC
2025-04-04 10:01:13.444073 - Found PAJTFJCL.txt (text/plain) in CBT.V508.FILE454.PDS, moved to PDS/PAJTFJCL
2025-04-04 10:01:13.444192 - Found PAJTFJCX.txt (text/plain) in CBT.V508.FILE454.PDS, moved to PDS/PAJTFJCX
2025-04-04 10:01:13.444316 - Found PAJTFLWJ.txt (text/plain) in CBT.V508.FILE454.PDS, moved to PDS/PAJTFLWJ
2025-04-04 10:01:13.444432 - Found PAJTGDDM.txt (text/plain) in CBT.V508.FILE454.PDS, moved to PDS/PAJTGDDM
2025-04-04 10:01:13.444546 - Found PAJTGDG.txt (text/plain) in CBT.V508.FILE454.PDS, moved to PDS/PAJTGDG
2025-04-04 10:01:13.444676 - Found PAJTGDGM.txt (text/plain) in CBT.V508.FILE454.PDS, moved to PDS/PAJTGDGM
2025-04-04 10:01:13.444817 - Found PAJTGPAN.txt (text/plain) in CBT.V508.FILE454.PDS, moved to PDS/PAJTGPAN
2025-04-04 10:01:13.444938 - Found PAJTIVK.txt (text/plain) in CBT.V508.FILE454.PDS, moved to PDS/PAJTIVK
2025-04-04 10:01:13.445056 - Found PAJTIVK1.txt (text/plain) in CBT.V508.FILE454.PDS, moved to PDS/PAJTIVK1
2025-04-04 10:01:13.445173 - Found PAJTJBCD.txt (text/plain) in CBT.V508.FILE454.PDS, moved to PDS/PAJTJBCD
2025-04-04 10:01:13.445291 - Found PAJTJCLF.txt (text/plain) in CBT.V508.FILE454.PDS, moved to PDS/PAJTJCLF
2025-04-04 10:01:13.445407 - Found PAJTK000.txt (text/plain) in CBT.V508.FILE454.PDS, moved to PDS/PAJTK000
2025-04-04 10:01:13.445527 - Found PAJTK001.txt (text/plain) in CBT.V508.FILE454.PDS, moved to PDS/PAJTK001
2025-04-04 10:01:13.445647 - Found PAJTK002.txt (text/plain) in CBT.V508.FILE454.PDS, moved to PDS/PAJTK002
2025-04-04 10:01:13.445775 - Found PAJTK010.txt (text/plain) in CBT.V508.FILE454.PDS, moved to PDS/PAJTK010
2025-04-04 10:01:13.445898 - Found PAJTK011.txt (text/plain) in CBT.V508.FILE454.PDS, moved to PDS/PAJTK011
2025-04-04 10:01:13.446015 - Found PAJTK012.txt (text/plain) in CBT.V508.FILE454.PDS, moved to PDS/PAJTK012
2025-04-04 10:01:13.446138 - Found PAJTK020.txt (text/plain) in CBT.V508.FILE454.PDS, moved to PDS/PAJTK020
2025-04-04 10:01:13.446252 - Found PAJTK021.txt (text/plain) in CBT.V508.FILE454.PDS, moved to PDS/PAJTK021
2025-04-04 10:01:13.446366 - Found PAJTK030.txt (text/plain) in CBT.V508.FILE454.PDS, moved to PDS/PAJTK030
2025-04-04 10:01:13.446487 - Found PAJTK031.txt (text/plain) in CBT.V508.FILE454.PDS, moved to PDS/PAJTK031
2025-04-04 10:01:13.446604 - Found PAJTLJ.txt (text/plain) in CBT.V508.FILE454.PDS, moved to PDS/PAJTLJ
2025-04-04 10:01:13.446722 - Found PAJTMOF.txt (text/plain) in CBT.V508.FILE454.PDS, moved to PDS/PAJTMOF
2025-04-04 10:01:13.446840 - Found PAJTMVC.txt (text/plain) in CBT.V508.FILE454.PDS, moved to PDS/PAJTMVC
2025-04-04 10:01:13.446965 - Found PAJTMVC1.txt (text/plain) in CBT.V508.FILE454.PDS, moved to PDS/PAJTMVC1
2025-04-04 10:01:13.447080 - Found PAJTMVC2.txt (text/plain) in CBT.V508.FILE454.PDS, moved to PDS/PAJTMVC2
2025-04-04 10:01:13.447208 - Found PAJTMX0.txt (text/plain) in CBT.V508.FILE454.PDS, moved to PDS/PAJTMX0
2025-04-04 10:01:13.447326 - Found PAJTMX1.txt (text/plain) in CBT.V508.FILE454.PDS, moved to PDS/PAJTMX1
2025-04-04 10:01:13.447446 - Found PAJTMX10.txt (text/plain) in CBT.V508.FILE454.PDS, moved to PDS/PAJTMX10
2025-04-04 10:01:13.447563 - Found PAJTMX2.txt (text/plain) in CBT.V508.FILE454.PDS, moved to PDS/PAJTMX2
2025-04-04 10:01:13.447675 - Found PAJTMX3.txt (text/plain) in CBT.V508.FILE454.PDS, moved to PDS/PAJTMX3
2025-04-04 10:01:13.447789 - Found PAJTMX4.txt (text/plain) in CBT.V508.FILE454.PDS, moved to PDS/PAJTMX4
2025-04-04 10:01:13.447913 - Found PAJTMX5.txt (text/plain) in CBT.V508.FILE454.PDS, moved to PDS/PAJTMX5
2025-04-04 10:01:13.448045 - Found PAJTMX6.txt (text/plain) in CBT.V508.FILE454.PDS, moved to PDS/PAJTMX6
2025-04-04 10:01:13.448163 - Found PAJTMX7.txt (text/plain) in CBT.V508.FILE454.PDS, moved to PDS/PAJTMX7
2025-04-04 10:01:13.448279 - Found PAJTMX8.txt (text/plain) in CBT.V508.FILE454.PDS, moved to PDS/PAJTMX8
2025-04-04 10:01:13.448393 - Found PAJTMX9.txt (text/plain) in CBT.V508.FILE454.PDS, moved to PDS/PAJTMX9
2025-04-04 10:01:13.448512 - Found PAJTOCP.txt (text/plain) in CBT.V508.FILE454.PDS, moved to PDS/PAJTOCP
2025-04-04 10:01:13.448631 - Found PAJTPAR.txt (text/plain) in CBT.V508.FILE454.PDS, moved to PDS/PAJTPAR
2025-04-04 10:01:13.448757 - Found PAJTPARA.txt (text/plain) in CBT.V508.FILE454.PDS, moved to PDS/PAJTPARA
2025-04-04 10:01:13.448872 - Found PAJTPARB.txt (text/plain) in CBT.V508.FILE454.PDS, moved to PDS/PAJTPARB
2025-04-04 10:01:13.449000 - Found PAJTPARC.txt (text/plain) in CBT.V508.FILE454.PDS, moved to PDS/PAJTPARC
2025-04-04 10:01:13.449125 - Found PAJTPARD.txt (text/plain) in CBT.V508.FILE454.PDS, moved to PDS/PAJTPARD
2025-04-04 10:01:13.449239 - Found PAJTPARE.txt (text/plain) in CBT.V508.FILE454.PDS, moved to PDS/PAJTPARE
2025-04-04 10:01:13.449352 - Found PAJTPARF.txt (text/plain) in CBT.V508.FILE454.PDS, moved to PDS/PAJTPARF
2025-04-04 10:01:13.449467 - Found PAJTPARG.txt (text/plain) in CBT.V508.FILE454.PDS, moved to PDS/PAJTPARG
2025-04-04 10:01:13.449580 - Found PAJTPAR0.txt (text/plain) in CBT.V508.FILE454.PDS, moved to PDS/PAJTPAR0
2025-04-04 10:01:13.449697 - Found PAJTPAR1.txt (text/plain) in CBT.V508.FILE454.PDS, moved to PDS/PAJTPAR1
2025-04-04 10:01:13.449814 - Found PAJTPAR2.txt (text/plain) in CBT.V508.FILE454.PDS, moved to PDS/PAJTPAR2
2025-04-04 10:01:13.449933 - Found PAJTPAR3.txt (text/plain) in CBT.V508.FILE454.PDS, moved to PDS/PAJTPAR3
2025-04-04 10:01:13.450045 - Found PAJTPAR4.txt (text/plain) in CBT.V508.FILE454.PDS, moved to PDS/PAJTPAR4
2025-04-04 10:01:13.450168 - Found PAJTPAR5.txt (text/plain) in CBT.V508.FILE454.PDS, moved to PDS/PAJTPAR5
2025-04-04 10:01:13.450285 - Found PAJTPAR6.txt (text/plain) in CBT.V508.FILE454.PDS, moved to PDS/PAJTPAR6
2025-04-04 10:01:13.450409 - Found PAJTPAR7.txt (text/plain) in CBT.V508.FILE454.PDS, moved to PDS/PAJTPAR7
2025-04-04 10:01:13.450543 - Found PAJTPDS.txt (text/plain) in CBT.V508.FILE454.PDS, moved to PDS/PAJTPDS
2025-04-04 10:01:13.450656 - Found PAJTPDSL.txt (text/plain) in CBT.V508.FILE454.PDS, moved to PDS/PAJTPDSL
2025-04-04 10:01:13.450771 - Found PAJTPED.txt (text/plain) in CBT.V508.FILE454.PDS, moved to PDS/PAJTPED
2025-04-04 10:01:13.450881 - Found PAJTPOF.txt (text/plain) in CBT.V508.FILE454.PDS, moved to PDS/PAJTPOF
2025-04-04 10:01:13.450994 - Found PAJTRJ.txt (text/plain) in CBT.V508.FILE454.PDS, moved to PDS/PAJTRJ
2025-04-04 10:01:13.451103 - Found PAJTRSM.txt (text/plain) in CBT.V508.FILE454.PDS, moved to PDS/PAJTRSM
2025-04-04 10:01:13.451236 - Found PAJTSEPL.txt (text/plain) in CBT.V508.FILE454.PDS, moved to PDS/PAJTSEPL
2025-04-04 10:01:13.451364 - Found PAJTSHW0.txt (text/plain) in CBT.V508.FILE454.PDS, moved to PDS/PAJTSHW0
2025-04-04 10:01:13.451477 - Found PAJTSHW1.txt (text/plain) in CBT.V508.FILE454.PDS, moved to PDS/PAJTSHW1
2025-04-04 10:01:13.451591 - Found PAJTSKC.txt (text/plain) in CBT.V508.FILE454.PDS, moved to PDS/PAJTSKC
2025-04-04 10:01:13.451705 - Found PAJTSKL.txt (text/plain) in CBT.V508.FILE454.PDS, moved to PDS/PAJTSKL
2025-04-04 10:01:13.451830 - Found PAJTSKL1.txt (text/plain) in CBT.V508.FILE454.PDS, moved to PDS/PAJTSKL1
2025-04-04 10:01:13.451946 - Found PAJTSLB.txt (text/plain) in CBT.V508.FILE454.PDS, moved to PDS/PAJTSLB
2025-04-04 10:01:13.452059 - Found PAJTSM1.txt (text/plain) in CBT.V508.FILE454.PDS, moved to PDS/PAJTSM1
2025-04-04 10:01:13.452179 - Found PAJTSM2.txt (text/plain) in CBT.V508.FILE454.PDS, moved to PDS/PAJTSM2
2025-04-04 10:01:13.452302 - Found PAJTSM3.txt (text/plain) in CBT.V508.FILE454.PDS, moved to PDS/PAJTSM3
2025-04-04 10:01:13.452434 - Found PAJTSNK0.txt (text/plain) in CBT.V508.FILE454.PDS, moved to PDS/PAJTSNK0
2025-04-04 10:01:13.452569 - Found PAJTSNK1.txt (text/plain) in CBT.V508.FILE454.PDS, moved to PDS/PAJTSNK1
2025-04-04 10:01:13.452934 - Found PAJTSSF.txt (text/plain) in CBT.V508.FILE454.PDS, moved to PDS/PAJTSSF
2025-04-04 10:01:13.453130 - Found PAJTSTT1.txt (text/plain) in CBT.V508.FILE454.PDS, moved to PDS/PAJTSTT1
2025-04-04 10:01:13.453280 - Found PAJTSTT2.txt (text/plain) in CBT.V508.FILE454.PDS, moved to PDS/PAJTSTT2
2025-04-04 10:01:13.453400 - Found PAJTSTT3.txt (text/plain) in CBT.V508.FILE454.PDS, moved to PDS/PAJTSTT3
2025-04-04 10:01:13.453525 - Found PAJTSTT4.txt (text/plain) in CBT.V508.FILE454.PDS, moved to PDS/PAJTSTT4
2025-04-04 10:01:13.453643 - Found PAJTTOCP.txt (text/plain) in CBT.V508.FILE454.PDS, moved to PDS/PAJTTOCP
2025-04-04 10:01:13.453758 - Found PAJTTRAP.txt (text/plain) in CBT.V508.FILE454.PDS, moved to PDS/PAJTTRAP
2025-04-04 10:01:13.453873 - Found PAJTVP00.txt (text/plain) in CBT.V508.FILE454.PDS, moved to PDS/PAJTVP00
2025-04-04 10:01:13.453996 - Found PAJTVP01.txt (text/plain) in CBT.V508.FILE454.PDS, moved to PDS/PAJTVP01
2025-04-04 10:01:13.454110 - Found PAJTVP02.txt (text/plain) in CBT.V508.FILE454.PDS, moved to PDS/PAJTVP02
2025-04-04 10:01:13.454226 - Found PAJTVP03.txt (text/plain) in CBT.V508.FILE454.PDS, moved to PDS/PAJTVP03
2025-04-04 10:01:13.454346 - Found PAJTVP10.txt (text/plain) in CBT.V508.FILE454.PDS, moved to PDS/PAJTVP10
2025-04-04 10:01:13.454462 - Found PAJTVP20.txt (text/plain) in CBT.V508.FILE454.PDS, moved to PDS/PAJTVP20
2025-04-04 10:01:13.454591 - Found PAJTVP21.txt (text/plain) in CBT.V508.FILE454.PDS, moved to PDS/PAJTVP21
2025-04-04 10:01:13.454726 - Found PAJTVQ1.txt (text/plain) in CBT.V508.FILE454.PDS, moved to PDS/PAJTVQ1
2025-04-04 10:01:13.454848 - Found PAJTVQ11.txt (text/plain) in CBT.V508.FILE454.PDS, moved to PDS/PAJTVQ11
2025-04-04 10:01:13.454965 - Found PAJTVQ2.txt (text/plain) in CBT.V508.FILE454.PDS, moved to PDS/PAJTVQ2
2025-04-04 10:01:13.455079 - Found PAJTWRM0.txt (text/plain) in CBT.V508.FILE454.PDS, moved to PDS/PAJTWRM0
2025-04-04 10:01:13.455197 - Found PAJTWRM1.txt (text/plain) in CBT.V508.FILE454.PDS, moved to PDS/PAJTWRM1
2025-04-04 10:01:13.455311 - Found PAJTWRM2.txt (text/plain) in CBT.V508.FILE454.PDS, moved to PDS/PAJTWRM2
2025-04-04 10:01:13.455427 - Found PAJTWRM3.txt (text/plain) in CBT.V508.FILE454.PDS, moved to PDS/PAJTWRM3
2025-04-04 10:01:13.455543 - Found PAJTXIL.txt (text/plain) in CBT.V508.FILE454.PDS, moved to PDS/PAJTXIL
2025-04-04 10:01:13.455671 - Found PAJTZAP.txt (text/plain) in CBT.V508.FILE454.PDS, moved to PDS/PAJTZAP
2025-04-04 10:01:13.455804 - Found PAJTZOOM.txt (text/plain) in CBT.V508.FILE454.PDS, moved to PDS/PAJTZOOM
2025-04-04 10:01:13.455920 - Found PAJT3270.txt (text/plain) in CBT.V508.FILE454.PDS, moved to PDS/PAJT3270
2025-04-04 10:01:13.456039 - Found PAJU00.txt (text/plain) in CBT.V508.FILE454.PDS, moved to PDS/PAJU00
2025-04-04 10:01:13.456155 - Found PAJVEP00.txt (text/plain) in CBT.V508.FILE454.PDS, moved to PDS/PAJVEP00
2025-04-04 10:01:13.456274 - Found PAJVEP01.txt (text/plain) in CBT.V508.FILE454.PDS, moved to PDS/PAJVEP01
2025-04-04 10:01:13.456392 - Found PAJVEP02.txt (text/plain) in CBT.V508.FILE454.PDS, moved to PDS/PAJVEP02
2025-04-04 10:01:13.456513 - Found PAJVEP03.txt (text/plain) in CBT.V508.FILE454.PDS, moved to PDS/PAJVEP03
2025-04-04 10:01:13.456634 - Found PAJVEP04.txt (text/plain) in CBT.V508.FILE454.PDS, moved to PDS/PAJVEP04
2025-04-04 10:01:13.456753 - Found PAJVEP10.txt (text/plain) in CBT.V508.FILE454.PDS, moved to PDS/PAJVEP10
2025-04-04 10:01:13.456886 - Found PAJVEP20.txt (text/plain) in CBT.V508.FILE454.PDS, moved to PDS/PAJVEP20
2025-04-04 10:01:13.457015 - Found PAJVEP21.txt (text/plain) in CBT.V508.FILE454.PDS, moved to PDS/PAJVEP21
2025-04-04 10:01:13.457132 - Found PAJVQ1.txt (text/plain) in CBT.V508.FILE454.PDS, moved to PDS/PAJVQ1
2025-04-04 10:01:13.457252 - Found PAJVQ2.txt (text/plain) in CBT.V508.FILE454.PDS, moved to PDS/PAJVQ2
2025-04-04 10:01:13.457368 - Found PAJVRS.txt (text/plain) in CBT.V508.FILE454.PDS, moved to PDS/PAJVRS
2025-04-04 10:01:13.457496 - Found PAJV00.txt (text/plain) in CBT.V508.FILE454.PDS, moved to PDS/PAJV00
2025-04-04 10:01:13.457612 - Found PAJWRM.txt (text/plain) in CBT.V508.FILE454.PDS, moved to PDS/PAJWRM
2025-04-04 10:01:13.457730 - Found PAJXIL.txt (text/plain) in CBT.V508.FILE454.PDS, moved to PDS/PAJXIL
2025-04-04 10:01:13.457853 - Found PAJXILX.txt (text/plain) in CBT.V508.FILE454.PDS, moved to PDS/PAJXILX
2025-04-04 10:01:13.457978 - Found PAJX00.txt (text/plain) in CBT.V508.FILE454.PDS, moved to PDS/PAJX00
2025-04-04 10:01:13.458094 - Found PAJZAP.txt (text/plain) in CBT.V508.FILE454.PDS, moved to PDS/PAJZAP
2025-04-04 10:01:13.458210 - Found PAJZ00.txt (text/plain) in CBT.V508.FILE454.PDS, moved to PDS/PAJZ00
2025-04-04 10:01:13.458338 - Found PAJ3270.txt (text/plain) in CBT.V508.FILE454.PDS, moved to PDS/PAJ3270
2025-04-04 10:01:13.458460 - Found PARA.txt (text/plain) in CBT.V508.FILE454.PDS, moved to PDS/PARA
2025-04-04 10:01:13.458592 - Found PARA@.txt (text/plain) in CBT.V508.FILE454.PDS, moved to PDS/PARA@
2025-04-04 10:01:13.458718 - Found PBOOKT1.txt (text/plain) in CBT.V508.FILE454.PDS, moved to PDS/PBOOKT1
2025-04-04 10:01:13.458835 - Found PBOOKT2.txt (text/plain) in CBT.V508.FILE454.PDS, moved to PDS/PBOOKT2
2025-04-04 10:01:13.458959 - Found PBOOKT3.txt (text/plain) in CBT.V508.FILE454.PDS, moved to PDS/PBOOKT3
2025-04-04 10:01:13.459075 - Found PBOOKT4.txt (text/plain) in CBT.V508.FILE454.PDS, moved to PDS/PBOOKT4
2025-04-04 10:01:13.459200 - Found PBOOKT5.txt (text/plain) in CBT.V508.FILE454.PDS, moved to PDS/PBOOKT5
2025-04-04 10:01:13.459316 - Found PBOOKT6.txt (text/plain) in CBT.V508.FILE454.PDS, moved to PDS/PBOOKT6
2025-04-04 10:01:13.459444 - Found PBOOKT7.txt (text/plain) in CBT.V508.FILE454.PDS, moved to PDS/PBOOKT7
2025-04-04 10:01:13.459560 - Found PBOOKT8.txt (text/plain) in CBT.V508.FILE454.PDS, moved to PDS/PBOOKT8
2025-04-04 10:01:13.459672 - Found PBOOKT9.txt (text/plain) in CBT.V508.FILE454.PDS, moved to PDS/PBOOKT9
2025-04-04 10:01:13.459785 - Found PBOOK0.txt (text/plain) in CBT.V508.FILE454.PDS, moved to PDS/PBOOK0
2025-04-04 10:01:13.459917 - Found PBOOK00.txt (text/plain) in CBT.V508.FILE454.PDS, moved to PDS/PBOOK00
2025-04-04 10:01:13.460037 - Found PBOOK000.txt (text/plain) in CBT.V508.FILE454.PDS, moved to PDS/PBOOK000
2025-04-04 10:01:13.460152 - Found PBOOK1.txt (text/plain) in CBT.V508.FILE454.PDS, moved to PDS/PBOOK1
2025-04-04 10:01:13.460270 - Found PBOOK2.txt (text/plain) in CBT.V508.FILE454.PDS, moved to PDS/PBOOK2
2025-04-04 10:01:13.460398 - Found PBOOK3.txt (text/plain) in CBT.V508.FILE454.PDS, moved to PDS/PBOOK3
2025-04-04 10:01:13.460519 - Found PBOOK4.txt (text/plain) in CBT.V508.FILE454.PDS, moved to PDS/PBOOK4
2025-04-04 10:01:13.460630 - Found PBOOK5.txt (text/plain) in CBT.V508.FILE454.PDS, moved to PDS/PBOOK5
2025-04-04 10:01:13.460744 - Found PBOOK6.txt (text/plain) in CBT.V508.FILE454.PDS, moved to PDS/PBOOK6
2025-04-04 10:01:13.460860 - Found PDREAD.txt (text/plain) in CBT.V508.FILE454.PDS, moved to PDS/PDREAD
2025-04-04 10:01:13.460991 - Found PDREAD$.jcl (text/plain) in CBT.V508.FILE454.PDS, moved to PDS/PDREAD$
2025-04-04 10:01:13.461104 - Found PDREAD@.txt (text/plain) in CBT.V508.FILE454.PDS, moved to PDS/PDREAD@
2025-04-04 10:01:13.461217 - Found PDSW.txt (text/plain) in CBT.V508.FILE454.PDS, moved to PDS/PDSW
2025-04-04 10:01:13.461346 - Found PDSW$.jcl (text/plain) in CBT.V508.FILE454.PDS, moved to PDS/PDSW$
2025-04-04 10:01:13.461461 - Found PDSW@.txt (text/plain) in CBT.V508.FILE454.PDS, moved to PDS/PDSW@
2025-04-04 10:01:13.461574 - Found PDSWH.txt (text/plain) in CBT.V508.FILE454.PDS, moved to PDS/PDSWH
2025-04-04 10:01:13.461684 - Found PDSWP.txt (text/plain) in CBT.V508.FILE454.PDS, moved to PDS/PDSWP
2025-04-04 10:01:13.461792 - Found PEDIT.txt (text/plain) in CBT.V508.FILE454.PDS, moved to PDS/PEDIT
2025-04-04 10:01:13.461926 - Found PEDIT@.txt (text/plain) in CBT.V508.FILE454.PDS, moved to PDS/PEDIT@
2025-04-04 10:01:13.462040 - Found PLREAD.txt (text/plain) in CBT.V508.FILE454.PDS, moved to PDS/PLREAD
2025-04-04 10:01:13.462154 - Found PLREAD$.jcl (text/plain) in CBT.V508.FILE454.PDS, moved to PDS/PLREAD$
2025-04-04 10:01:13.462267 - Found PLREAD@.txt (text/plain) in CBT.V508.FILE454.PDS, moved to PDS/PLREAD@
2025-04-04 10:01:13.462382 - Found PLUG.txt (text/plain) in CBT.V508.FILE454.PDS, moved to PDS/PLUG
2025-04-04 10:01:13.462497 - Found PLUG@.txt (text/plain) in CBT.V508.FILE454.PDS, moved to PDS/PLUG@
2025-04-04 10:01:13.462612 - Found PSWR.txt (text/plain) in CBT.V508.FILE454.PDS, moved to PDS/PSWR
2025-04-04 10:01:13.462726 - Found PSWR$.jcl (text/plain) in CBT.V508.FILE454.PDS, moved to PDS/PSWR$
2025-04-04 10:01:13.462839 - Found PSWR@.txt (text/plain) in CBT.V508.FILE454.PDS, moved to PDS/PSWR@
2025-04-04 10:01:13.462948 - Found PSWREST.txt (text/plain) in CBT.V508.FILE454.PDS, moved to PDS/PSWREST
2025-04-04 10:01:13.463073 - Found RDCHK.txt (text/plain) in CBT.V508.FILE454.PDS, moved to PDS/RDCHK
2025-04-04 10:01:13.463193 - Found RDCHK$.jcl (text/plain) in CBT.V508.FILE454.PDS, moved to PDS/RDCHK$
2025-04-04 10:01:13.463322 - Found RDCHK@.txt (text/plain) in CBT.V508.FILE454.PDS, moved to PDS/RDCHK@
2025-04-04 10:01:13.463437 - Found RESAUTH.txt (text/plain) in CBT.V508.FILE454.PDS, moved to PDS/RESAUTH
2025-04-04 10:01:13.463558 - Found RESETKEY.txt (text/plain) in CBT.V508.FILE454.PDS, moved to PDS/RESETKEY
2025-04-04 10:01:13.463673 - Found RESUME.txt (text/plain) in CBT.V508.FILE454.PDS, moved to PDS/RESUME
2025-04-04 10:01:13.463787 - Found RESUME@.txt (text/plain) in CBT.V508.FILE454.PDS, moved to PDS/RESUME@
2025-04-04 10:01:13.463897 - Found RGROUP.txt (text/plain) in CBT.V508.FILE454.PDS, moved to PDS/RGROUP
2025-04-04 10:01:13.464019 - Found RGROUP$.jcl (text/plain) in CBT.V508.FILE454.PDS, moved to PDS/RGROUP$
2025-04-04 10:01:13.464147 - Found RGROUP@.txt (text/plain) in CBT.V508.FILE454.PDS, moved to PDS/RGROUP@
2025-04-04 10:01:13.464278 - Found RGROUPH.txt (text/plain) in CBT.V508.FILE454.PDS, moved to PDS/RGROUPH
2025-04-04 10:01:13.464397 - Found RJUST.txt (text/plain) in CBT.V508.FILE454.PDS, moved to PDS/RJUST
2025-04-04 10:01:13.464514 - Found RJUST@.txt (text/plain) in CBT.V508.FILE454.PDS, moved to PDS/RJUST@
2025-04-04 10:01:13.464639 - Found RPROT.txt (text/plain) in CBT.V508.FILE454.PDS, moved to PDS/RPROT
2025-04-04 10:01:13.464752 - Found RPROT$.jcl (text/plain) in CBT.V508.FILE454.PDS, moved to PDS/RPROT$
2025-04-04 10:01:13.464867 - Found RPROT@.txt (text/plain) in CBT.V508.FILE454.PDS, moved to PDS/RPROT@
2025-04-04 10:01:13.464990 - Found RPROTH.txt (text/plain) in CBT.V508.FILE454.PDS, moved to PDS/RPROTH
2025-04-04 10:01:13.465188 - Found RSVENQ.txt (text/plain) in CBT.V508.FILE454.PDS, moved to PDS/RSVENQ
2025-04-04 10:01:13.465357 - Found RSVENQ$.jcl (text/plain) in CBT.V508.FILE454.PDS, moved to PDS/RSVENQ$
2025-04-04 10:01:13.465525 - Found RSVENQ@.txt (text/plain) in CBT.V508.FILE454.PDS, moved to PDS/RSVENQ@
2025-04-04 10:01:13.465692 - Found RTIME.txt (text/plain) in CBT.V508.FILE454.PDS, moved to PDS/RTIME
2025-04-04 10:01:13.465844 - Found RTIME$.jcl (text/plain) in CBT.V508.FILE454.PDS, moved to PDS/RTIME$
2025-04-04 10:01:13.465994 - Found RTIME@.txt (text/plain) in CBT.V508.FILE454.PDS, moved to PDS/RTIME@
2025-04-04 10:01:13.466146 - Found R050A90.txt (text/plain) in CBT.V508.FILE454.PDS, moved to PDS/R050A90
2025-04-04 10:01:13.466294 - Found R050A90$.jcl (text/plain) in CBT.V508.FILE454.PDS, moved to PDS/R050A90$
2025-04-04 10:01:13.466446 - Found SBOOK0.txt (text/plain) in CBT.V508.FILE454.PDS, moved to PDS/SBOOK0
2025-04-04 10:01:13.466596 - Found SCKPRM00.txt (text/plain) in CBT.V508.FILE454.PDS, moved to PDS/SCKPRM00
2025-04-04 10:01:13.466751 - Found SCRSZ.txt (text/plain) in CBT.V508.FILE454.PDS, moved to PDS/SCRSZ
2025-04-04 10:01:13.466903 - Found SCRSZ$.jcl (text/plain) in CBT.V508.FILE454.PDS, moved to PDS/SCRSZ$
2025-04-04 10:01:13.467059 - Found SCRSZ@.txt (text/plain) in CBT.V508.FILE454.PDS, moved to PDS/SCRSZ@
2025-04-04 10:01:13.467211 - Found SETAUTH.txt (text/plain) in CBT.V508.FILE454.PDS, moved to PDS/SETAUTH
2025-04-04 10:01:13.467355 - Found SKEL.txt (text/plain) in CBT.V508.FILE454.PDS, moved to PDS/SKEL
2025-04-04 10:01:13.467510 - Found SKEL@.txt (text/plain) in CBT.V508.FILE454.PDS, moved to PDS/SKEL@
2025-04-04 10:01:13.467661 - Found SKELCHK.txt (text/plain) in CBT.V508.FILE454.PDS, moved to PDS/SKELCHK
2025-04-04 10:01:13.467823 - Found SKELCHK@.txt (text/plain) in CBT.V508.FILE454.PDS, moved to PDS/SKELCHK@
2025-04-04 10:01:13.467969 - Found SLINE.txt (text/plain) in CBT.V508.FILE454.PDS, moved to PDS/SLINE
2025-04-04 10:01:13.468118 - Found SLINE@.txt (text/plain) in CBT.V508.FILE454.PDS, moved to PDS/SLINE@
2025-04-04 10:01:13.468265 - Found SRCHRPI.txt (text/plain) in CBT.V508.FILE454.PDS, moved to PDS/SRCHRPI
2025-04-04 10:01:13.468419 - Found SRCHRPI$.jcl (text/plain) in CBT.V508.FILE454.PDS, moved to PDS/SRCHRPI$
2025-04-04 10:01:13.468586 - Found SRCHRPI@.txt (text/plain) in CBT.V508.FILE454.PDS, moved to PDS/SRCHRPI@
2025-04-04 10:01:13.468732 - Found SSCMD.txt (text/plain) in CBT.V508.FILE454.PDS, moved to PDS/SSCMD
2025-04-04 10:01:13.468875 - Found SSCMD$.jcl (text/plain) in CBT.V508.FILE454.PDS, moved to PDS/SSCMD$
2025-04-04 10:01:13.469021 - Found SSCMD@.txt (text/plain) in CBT.V508.FILE454.PDS, moved to PDS/SSCMD@
2025-04-04 10:01:13.469157 - Found STCLOK.txt (text/plain) in CBT.V508.FILE454.PDS, moved to PDS/STCLOK
2025-04-04 10:01:13.469306 - Found STCLOK$.jcl (text/plain) in CBT.V508.FILE454.PDS, moved to PDS/STCLOK$
2025-04-04 10:01:13.469452 - Found STCLOK@.txt (text/plain) in CBT.V508.FILE454.PDS, moved to PDS/STCLOK@
2025-04-04 10:01:13.469600 - Found SUJVTA.txt (text/plain) in CBT.V508.FILE454.PDS, moved to PDS/SUJVTA
2025-04-04 10:01:13.469717 - Found SUJVTA$.jcl (text/plain) in CBT.V508.FILE454.PDS, moved to PDS/SUJVTA$
2025-04-04 10:01:13.469828 - Found SUM.txt (text/plain) in CBT.V508.FILE454.PDS, moved to PDS/SUM
2025-04-04 10:01:13.469940 - Found SUM@.txt (text/plain) in CBT.V508.FILE454.PDS, moved to PDS/SUM@
2025-04-04 10:01:13.470068 - Found SYSMAC@.txt (text/plain) in CBT.V508.FILE454.PDS, moved to PDS/SYSMAC@
2025-04-04 10:01:13.470201 - Found TMTH.bin (application/octet-stream) in CBT.V508.FILE454.PDS, moved to PDS/TMTH
2025-04-04 10:01:13.470331 - Found TMTHD.bin (application/octet-stream) in CBT.V508.FILE454.PDS, moved to PDS/TMTHD
2025-04-04 10:01:13.470451 - Found TMTHDK.bin (application/octet-stream) in CBT.V508.FILE454.PDS, moved to PDS/TMTHDK
2025-04-04 10:01:13.470568 - Found TMTHE.bin (application/octet-stream) in CBT.V508.FILE454.PDS, moved to PDS/TMTHE
2025-04-04 10:01:13.470702 - Found TMTHF.bin (application/octet-stream) in CBT.V508.FILE454.PDS, moved to PDS/TMTHF
2025-04-04 10:01:13.470818 - Found TMTHI.bin (application/octet-stream) in CBT.V508.FILE454.PDS, moved to PDS/TMTHI
2025-04-04 10:01:13.470949 - Found TMTHP.bin (application/octet-stream) in CBT.V508.FILE454.PDS, moved to PDS/TMTHP
2025-04-04 10:01:13.471066 - Found TRAP.txt (text/plain) in CBT.V508.FILE454.PDS, moved to PDS/TRAP
2025-04-04 10:01:13.471189 - Found TRAP@.txt (text/plain) in CBT.V508.FILE454.PDS, moved to PDS/TRAP@
2025-04-04 10:01:13.471303 - Found TSODSN.txt (text/plain) in CBT.V508.FILE454.PDS, moved to PDS/TSODSN
2025-04-04 10:01:13.471442 - Found TSODSN$.jcl (text/plain) in CBT.V508.FILE454.PDS, moved to PDS/TSODSN$
2025-04-04 10:01:13.471572 - Found TSODSN@.txt (text/plain) in CBT.V508.FILE454.PDS, moved to PDS/TSODSN@
2025-04-04 10:01:13.471686 - Found TSODSNH.txt (text/plain) in CBT.V508.FILE454.PDS, moved to PDS/TSODSNH
2025-04-04 10:01:13.471814 - Found TSOENQ.txt (text/plain) in CBT.V508.FILE454.PDS, moved to PDS/TSOENQ
2025-04-04 10:01:13.471942 - Found TSOENQ$.jcl (text/plain) in CBT.V508.FILE454.PDS, moved to PDS/TSOENQ$
2025-04-04 10:01:13.472062 - Found TSOENQ@.txt (text/plain) in CBT.V508.FILE454.PDS, moved to PDS/TSOENQ@
2025-04-04 10:01:13.472179 - Found TWKD.bin (application/octet-stream) in CBT.V508.FILE454.PDS, moved to PDS/TWKD
2025-04-04 10:01:13.472532 - Found TWKDD.bin (application/octet-stream) in CBT.V508.FILE454.PDS, moved to PDS/TWKDD
2025-04-04 10:01:13.472697 - Found TWKDDK.bin (application/octet-stream) in CBT.V508.FILE454.PDS, moved to PDS/TWKDDK
2025-04-04 10:01:13.472955 - Found TWKDE.bin (application/octet-stream) in CBT.V508.FILE454.PDS, moved to PDS/TWKDE
2025-04-04 10:01:13.473072 - Found TWKDF.bin (application/octet-stream) in CBT.V508.FILE454.PDS, moved to PDS/TWKDF
2025-04-04 10:01:13.473185 - Found TWKDI.bin (application/octet-stream) in CBT.V508.FILE454.PDS, moved to PDS/TWKDI
2025-04-04 10:01:13.473302 - Found TWKDP.bin (application/octet-stream) in CBT.V508.FILE454.PDS, moved to PDS/TWKDP
2025-04-04 10:01:13.473429 - Found TXPRINT.txt (text/plain) in CBT.V508.FILE454.PDS, moved to PDS/TXPRINT
2025-04-04 10:01:13.473551 - Found TXPRINT$.jcl (text/plain) in CBT.V508.FILE454.PDS, moved to PDS/TXPRINT$
2025-04-04 10:01:13.473676 - Found TXPRINT@.txt (text/plain) in CBT.V508.FILE454.PDS, moved to PDS/TXPRINT@
2025-04-04 10:01:13.473808 - Found TXPUNCH.txt (text/plain) in CBT.V508.FILE454.PDS, moved to PDS/TXPUNCH
2025-04-04 10:01:13.473926 - Found TXPUNCH$.jcl (text/plain) in CBT.V508.FILE454.PDS, moved to PDS/TXPUNCH$
2025-04-04 10:01:13.474049 - Found TXPUNCH@.txt (text/plain) in CBT.V508.FILE454.PDS, moved to PDS/TXPUNCH@
2025-04-04 10:01:13.474159 - Found TXREAD.txt (text/plain) in CBT.V508.FILE454.PDS, moved to PDS/TXREAD
2025-04-04 10:01:13.474278 - Found TXREAD$.jcl (text/plain) in CBT.V508.FILE454.PDS, moved to PDS/TXREAD$
2025-04-04 10:01:13.474392 - Found TXREAD@.txt (text/plain) in CBT.V508.FILE454.PDS, moved to PDS/TXREAD@
2025-04-04 10:01:13.474500 - Found TXSNAP.txt (text/plain) in CBT.V508.FILE454.PDS, moved to PDS/TXSNAP
2025-04-04 10:01:13.474627 - Found TXSNAP$.jcl (text/plain) in CBT.V508.FILE454.PDS, moved to PDS/TXSNAP$
2025-04-04 10:01:13.474749 - Found TXSNAP@.txt (text/plain) in CBT.V508.FILE454.PDS, moved to PDS/TXSNAP@
2025-04-04 10:01:13.474860 - Found UADS.txt (text/plain) in CBT.V508.FILE454.PDS, moved to PDS/UADS
2025-04-04 10:01:13.474981 - Found UADS$.jcl (text/plain) in CBT.V508.FILE454.PDS, moved to PDS/UADS$
2025-04-04 10:01:13.475098 - Found UADS@.txt (text/plain) in CBT.V508.FILE454.PDS, moved to PDS/UADS@
2025-04-04 10:01:13.475215 - Found UADSH.txt (text/plain) in CBT.V508.FILE454.PDS, moved to PDS/UADSH
2025-04-04 10:01:13.475327 - Found UNIT.txt (text/plain) in CBT.V508.FILE454.PDS, moved to PDS/UNIT
2025-04-04 10:01:13.475439 - Found UNIT$.jcl (text/plain) in CBT.V508.FILE454.PDS, moved to PDS/UNIT$
2025-04-04 10:01:13.475554 - Found UNIT@.txt (text/plain) in CBT.V508.FILE454.PDS, moved to PDS/UNIT@
2025-04-04 10:01:13.475673 - Found UNITH.txt (text/plain) in CBT.V508.FILE454.PDS, moved to PDS/UNITH
2025-04-04 10:01:13.475788 - Found UNITS.txt (text/plain) in CBT.V508.FILE454.PDS, moved to PDS/UNITS
2025-04-04 10:01:13.475926 - Found UNITS$.jcl (text/plain) in CBT.V508.FILE454.PDS, moved to PDS/UNITS$
2025-04-04 10:01:13.476057 - Found UNITS@.txt (text/plain) in CBT.V508.FILE454.PDS, moved to PDS/UNITS@
2025-04-04 10:01:13.476172 - Found UNITSH.txt (text/plain) in CBT.V508.FILE454.PDS, moved to PDS/UNITSH
2025-04-04 10:01:13.476287 - Found UPDTMACS.txt (text/plain) in CBT.V508.FILE454.PDS, moved to PDS/UPDTMACS
2025-04-04 10:01:13.476396 - Found USERS.txt (text/plain) in CBT.V508.FILE454.PDS, moved to PDS/USERS
2025-04-04 10:01:13.476529 - Found USERS$.jcl (text/plain) in CBT.V508.FILE454.PDS, moved to PDS/USERS$
2025-04-04 10:01:13.476642 - Found USERS@.txt (text/plain) in CBT.V508.FILE454.PDS, moved to PDS/USERS@
2025-04-04 10:01:13.476757 - Found VGPSUB.txt (text/plain) in CBT.V508.FILE454.PDS, moved to PDS/VGPSUB
2025-04-04 10:01:13.476881 - Found VGPSUB$.jcl (text/plain) in CBT.V508.FILE454.PDS, moved to PDS/VGPSUB$
2025-04-04 10:01:13.477006 - Found VGPSUB@.txt (text/plain) in CBT.V508.FILE454.PDS, moved to PDS/VGPSUB@
2025-04-04 10:01:13.477146 - Found VREAD.txt (text/plain) in CBT.V508.FILE454.PDS, moved to PDS/VREAD
2025-04-04 10:01:13.477287 - Found VREAD$.jcl (text/plain) in CBT.V508.FILE454.PDS, moved to PDS/VREAD$
2025-04-04 10:01:13.477420 - Found VREAD@.txt (text/plain) in CBT.V508.FILE454.PDS, moved to PDS/VREAD@
2025-04-04 10:01:13.477565 - Found VTOCD.txt (text/plain) in CBT.V508.FILE454.PDS, moved to PDS/VTOCD
2025-04-04 10:01:13.477683 - Found VTOCD$.jcl (text/plain) in CBT.V508.FILE454.PDS, moved to PDS/VTOCD$
2025-04-04 10:01:13.477825 - Found VTOCD@.txt (text/plain) in CBT.V508.FILE454.PDS, moved to PDS/VTOCD@
2025-04-04 10:01:13.477960 - Found VTOCQ.txt (text/plain) in CBT.V508.FILE454.PDS, moved to PDS/VTOCQ
2025-04-04 10:01:13.478109 - Found VTOCQ$.jcl (text/plain) in CBT.V508.FILE454.PDS, moved to PDS/VTOCQ$
2025-04-04 10:01:13.478224 - Found VTOCQ@.txt (text/plain) in CBT.V508.FILE454.PDS, moved to PDS/VTOCQ@
2025-04-04 10:01:13.478376 - Found VTOCS.txt (text/plain) in CBT.V508.FILE454.PDS, moved to PDS/VTOCS
2025-04-04 10:01:13.478499 - Found VTOCS$.jcl (text/plain) in CBT.V508.FILE454.PDS, moved to PDS/VTOCS$
2025-04-04 10:01:13.478640 - Found VTOCS@.txt (text/plain) in CBT.V508.FILE454.PDS, moved to PDS/VTOCS@
2025-04-04 10:01:13.478753 - Found VTTCAM.txt (text/plain) in CBT.V508.FILE454.PDS, moved to PDS/VTTCAM
2025-04-04 10:01:13.478875 - Found VTTCAM$.jcl (text/plain) in CBT.V508.FILE454.PDS, moved to PDS/VTTCAM$
2025-04-04 10:01:13.478995 - Found VTTCAM@.txt (text/plain) in CBT.V508.FILE454.PDS, moved to PDS/VTTCAM@
2025-04-04 10:01:13.479124 - Found WAITR.txt (text/plain) in CBT.V508.FILE454.PDS, moved to PDS/WAITR
2025-04-04 10:01:13.479259 - Found WAITR$.jcl (text/plain) in CBT.V508.FILE454.PDS, moved to PDS/WAITR$
2025-04-04 10:01:13.479392 - Found WAITR@.txt (text/plain) in CBT.V508.FILE454.PDS, moved to PDS/WAITR@
2025-04-04 10:01:13.479533 - Found WAITRH.txt (text/plain) in CBT.V508.FILE454.PDS, moved to PDS/WAITRH
2025-04-04 10:01:13.479650 - Found WPC.txt (text/plain) in CBT.V508.FILE454.PDS, moved to PDS/WPC
2025-04-04 10:01:13.479785 - Found WPC$.jcl (text/plain) in CBT.V508.FILE454.PDS, moved to PDS/WPC$
2025-04-04 10:01:13.479907 - Found WPC@.txt (text/plain) in CBT.V508.FILE454.PDS, moved to PDS/WPC@
2025-04-04 10:01:13.480035 - Found WPCH.txt (text/plain) in CBT.V508.FILE454.PDS, moved to PDS/WPCH
2025-04-04 10:01:13.480166 - Found XTC.txt (text/plain) in CBT.V508.FILE454.PDS, moved to PDS/XTC
2025-04-04 10:01:13.480292 - Found XTC$.jcl (text/plain) in CBT.V508.FILE454.PDS, moved to PDS/XTC$
2025-04-04 10:01:13.480410 - Found XTC@.txt (text/plain) in CBT.V508.FILE454.PDS, moved to PDS/XTC@
2025-04-04 10:01:13.480548 - Found XTCL.txt (text/plain) in CBT.V508.FILE454.PDS, moved to PDS/XTCL
2025-04-04 10:01:13.480657 - Found XTCLE.txt (text/plain) in CBT.V508.FILE454.PDS, moved to PDS/XTCLE
2025-04-04 10:01:13.480776 - Found ZEROKEY.txt (text/plain) in CBT.V508.FILE454.PDS, moved to PDS/ZEROKEY
2025-04-04 10:01:13.480897 - Found ZOOM.txt (text/plain) in CBT.V508.FILE454.PDS, moved to PDS/ZOOM
2025-04-04 10:01:13.481018 - Found ZOOM@.txt (text/plain) in CBT.V508.FILE454.PDS, moved to PDS/ZOOM@
